<?xml version="1.0" encoding="UTF-8"?>
<!-- Generated by org.testng.reporters.JUnitXMLReporter -->
<testsuite ignored="0" hostname="amgadatef" failures="1" tests="9" name="Negative Scenarios" time="6.432" errors="0" timestamp="2026-06-18T19:36:52 EEST">
  <testcase classname="api.tests.NegativeTests" name="NT01_CreateToken_WrongCredentials" time="0.725"/>
  <testcase classname="api.tests.NegativeTests" name="NT02_CreateToken_EmptyCredentials" time="0.729"/>
  <testcase classname="api.tests.NegativeTests" name="NT03_CreateBooking_MissingFields" time="0.717"/>
  <testcase classname="api.tests.NegativeTests" name="NT04_CreateBooking_InvalidDateFormat" time="0.687">
    <failure type="java.lang.AssertionError" message="Invalid date format should not result in a successful booking did not expect [200] but found [200]">
      <![CDATA[java.lang.AssertionError: Invalid date format should not result in a successful booking did not expect [200] but found [200]
at api.tests.NegativeTests.NT04_CreateBooking_InvalidDateFormat(NegativeTests.java:86)
at java.base/java.util.ArrayList.forEach(ArrayList.java:1597)
... Removed 33 stack frames]]>
    </failure>
  </testcase> <!-- NT04_CreateBooking_InvalidDateFormat -->
  <testcase classname="api.tests.NegativeTests" name="NT05_GetBooking_NotFound" time="0.712"/>
  <testcase classname="api.tests.NegativeTests" name="NT06_UpdateBooking_NoToken" time="0.701"/>
  <testcase classname="api.tests.NegativeTests" name="NT07_UpdateBooking_InvalidToken" time="0.704"/>
  <testcase classname="api.tests.NegativeTests" name="NT08_DeleteBooking_NoToken" time="0.711"/>
  <testcase classname="api.tests.NegativeTests" name="NT09_GetBookings_NoMatchFilter" time="0.721"/>
</testsuite> <!-- Negative Scenarios -->
