<?xml version="1.0" encoding="UTF-8"?>
<!-- Generated by org.testng.reporters.JUnitXMLReporter -->
<testsuite ignored="0" hostname="amgadatef" failures="1" tests="9" name="Negative Scenarios" time="7.071" errors="0" timestamp="2026-06-19T18:55:57 EEST">
  <testcase classname="api.tests.NegativeTests" name="NT01_CreateToken_WrongCredentials" time="0.781"/>
  <testcase classname="api.tests.NegativeTests" name="NT02_CreateToken_EmptyCredentials" time="0.79"/>
  <testcase classname="api.tests.NegativeTests" name="NT03_CreateBooking_MissingFields" time="0.757"/>
  <testcase classname="api.tests.NegativeTests" name="NT04_CreateBooking_InvalidDateFormat" time="0.8">
    <failure type="java.lang.AssertionError" message="Invalid date format should not result in a successful booking did not expect [200] but found [200]">
      <![CDATA[java.lang.AssertionError: Invalid date format should not result in a successful booking did not expect [200] but found [200]
at api.tests.NegativeTests.NT04_CreateBooking_InvalidDateFormat(NegativeTests.java:86)
at java.base/java.util.ArrayList.forEach(ArrayList.java:1597)
... Removed 33 stack frames]]>
    </failure>
  </testcase> <!-- NT04_CreateBooking_InvalidDateFormat -->
  <testcase classname="api.tests.NegativeTests" name="NT05_GetBooking_NotFound" time="0.795"/>
  <testcase classname="api.tests.NegativeTests" name="NT06_UpdateBooking_NoToken" time="0.802"/>
  <testcase classname="api.tests.NegativeTests" name="NT07_UpdateBooking_InvalidToken" time="0.798"/>
  <testcase classname="api.tests.NegativeTests" name="NT08_DeleteBooking_NoToken" time="0.727"/>
  <testcase classname="api.tests.NegativeTests" name="NT09_GetBookings_NoMatchFilter" time="0.749"/>
</testsuite> <!-- Negative Scenarios -->
