<?xml version="1.0" encoding="UTF-8"?>
<!-- Generated by org.testng.reporters.JUnitXMLReporter -->
<testsuite ignored="0" hostname="amgadatef" failures="0" tests="8" name="Positive Scenarios" time="12.25" errors="0" timestamp="2026-06-18T19:36:45 EEST">
  <testcase classname="api.tests.PositiveTests" name="TC01_HealthCheck" time="0.84"/>
  <testcase classname="api.tests.PositiveTests" name="TC02_CreateBooking" time="1.515"/>
  <testcase classname="api.tests.PositiveTests" name="TC03_GetAllBookingIds" time="1.218"/>
  <testcase classname="api.tests.PositiveTests" name="TC04_GetBookingById" time="0.854"/>
  <testcase classname="api.tests.PositiveTests" name="TC05_UpdateBooking" time="0.757"/>
  <testcase classname="api.tests.PositiveTests" name="TC06_PartialUpdateBooking" time="0.745"/>
  <testcase classname="api.tests.PositiveTests" name="TC07_DeleteBooking" time="0.701"/>
  <testcase classname="api.tests.PositiveTests" name="TC08_VerifyBookingDeleted" time="0.685"/>
</testsuite> <!-- Positive Scenarios -->
