<?xml version="1.0" encoding="UTF-8"?>
<testsuite xmlns:xsi="http://www.w3.org/2001/XMLSchema-instance" xsi:noNamespaceSchemaLocation="https://maven.apache.org/surefire/maven-surefire-plugin/xsd/surefire-test-report-3.0.xsd" version="3.0" name="TestSuite" time="22.234" tests="17" errors="0" skipped="0" failures="1">
  <properties>
[...]
</properties>
  <testcase name="TC01_HealthCheck" classname="api.tests.PositiveTests" time="0.993">
    <system-out><![CDATA[Request method:	POST
Request URI:	https://restful-booker.herokuapp.com/auth
Proxy:			<none>
Request params:	<none>
Query params:	<none>
Form params:	<none>
Path params:	<none>
Headers:		Accept=application/json
				Content-Type=application/json
Cookies:		<none>
Multiparts:		<none>
Body:
{
    "username": "admin",
    "password": "password123"
}
HTTP/1.1 200 OK
Content-Length: 27
Content-Type: application/json; charset=utf-8
Date: Thu, 18 Jun 2026 16:43:30 GMT
Etag: W/"1b-lH0FTY+zuhZOC0fEjpuAXv8863A"
Nel: {"report_to":"heroku-nel","response_headers":["Via"],"max_age":3600,"success_fraction":0.01,"failure_fraction":0.1}
Report-To: {"group":"heroku-nel","endpoints":[{"url":"https://nel.heroku.com/reports?s=EtCQa5NHmMBJfGObLkBBxZUPm0DWu2Udkcdu38fcDmg%3D\u0026sid=c46efe9b-d3d2-4a0c-8c76-bfafa16c5add\u0026ts=1781801010"}],"max_age":3600}
Reporting-Endpoints: heroku-nel="https://nel.heroku.com/reports?s=EtCQa5NHmMBJfGObLkBBxZUPm0DWu2Udkcdu38fcDmg%3D&sid=c46efe9b-d3d2-4a0c-8c76-bfafa16c5add&ts=1781801010"
Server: Heroku
Via: 1.1 heroku-router
X-Powered-By: Express

{
    "token": "4b93d1c9b6ff91d"
}
Request method:	GET
Request URI:	https://restful-booker.herokuapp.com/ping
Proxy:			<none>
Request params:	<none>
Query params:	<none>
Form params:	<none>
Path params:	<none>
Headers:		Accept=application/json
				Content-Type=application/json
Cookies:		<none>
Multiparts:		<none>
Body:			<none>
HTTP/1.1 201 Created
Content-Length: 7
Content-Type: text/plain; charset=utf-8
Date: Thu, 18 Jun 2026 16:43:32 GMT
Etag: W/"7-rM9AyJuqT6iOan/xHh+AW+7K/T8"
Nel: {"report_to":"heroku-nel","response_headers":["Via"],"max_age":3600,"success_fraction":0.01,"failure_fraction":0.1}
Report-To: {"group":"heroku-nel","endpoints":[{"url":"https://nel.heroku.com/reports?s=UBd0CWKl6zAhC%2BwNkmai1TXk3gMwKXjhY5UrC7k%2BMdM%3D\u0026sid=c46efe9b-d3d2-4a0c-8c76-bfafa16c5add\u0026ts=1781801012"}],"max_age":3600}
Reporting-Endpoints: heroku-nel="https://nel.heroku.com/reports?s=UBd0CWKl6zAhC%2BwNkmai1TXk3gMwKXjhY5UrC7k%2BMdM%3D&sid=c46efe9b-d3d2-4a0c-8c76-bfafa16c5add&ts=1781801012"
Server: Heroku
Via: 1.1 heroku-router
X-Powered-By: Express

Created
]]></system-out>
    <system-err><![CDATA[SLF4J: Failed to load class "org.slf4j.impl.StaticLoggerBinder".
SLF4J: Defaulting to no-operation (NOP) logger implementation
SLF4J: See http://www.slf4j.org/codes.html#StaticLoggerBinder for further details.
]]></system-err>
  </testcase>
  <testcase name="TC02_CreateBooking" classname="api.tests.PositiveTests" time="1.506">
    <system-out><![CDATA[Request method:	POST
Request URI:	https://restful-booker.herokuapp.com/booking
Proxy:			<none>
Request params:	<none>
Query params:	<none>
Form params:	<none>
Path params:	<none>
Headers:		Accept=application/json
				Content-Type=application/json
Cookies:		<none>
Multiparts:		<none>
Body:
{
    "firstname": "Amgad",
    "lastname": "Atef",
    "totalprice": 1000,
    "depositpaid": true,
    "bookingdates": {
        "checkin": "2018-01-01",
        "checkout": "2019-01-01"
    },
    "additionalneeds": "Breakfast"
}
HTTP/1.1 200 OK
Content-Length: 199
Content-Type: application/json; charset=utf-8
Date: Thu, 18 Jun 2026 16:43:34 GMT
Etag: W/"c7-4AYhb8wRBczhW/pFNVlafhMuBZ0"
Nel: {"report_to":"heroku-nel","response_headers":["Via"],"max_age":3600,"success_fraction":0.01,"failure_fraction":0.1}
Report-To: {"group":"heroku-nel","endpoints":[{"url":"https://nel.heroku.com/reports?s=KO0k1mfMrb5O7J4eBfkphWAe6OYs7fnjNuyiHOT1x7I%3D\u0026sid=c46efe9b-d3d2-4a0c-8c76-bfafa16c5add\u0026ts=1781801014"}],"max_age":3600}
Reporting-Endpoints: heroku-nel="https://nel.heroku.com/reports?s=KO0k1mfMrb5O7J4eBfkphWAe6OYs7fnjNuyiHOT1x7I%3D&sid=c46efe9b-d3d2-4a0c-8c76-bfafa16c5add&ts=1781801014"
Server: Heroku
Via: 1.1 heroku-router
X-Powered-By: Express

{
    "bookingid": 1538,
    "booking": {
        "firstname": "Amgad",
        "lastname": "Atef",
        "totalprice": 1000,
        "depositpaid": true,
        "bookingdates": {
            "checkin": "2018-01-01",
            "checkout": "2019-01-01"
        },
        "additionalneeds": "Breakfast"
    }
}
]]></system-out>
  </testcase>
  <testcase name="TC03_GetAllBookingIds" classname="api.tests.PositiveTests" time="1.372">
    <system-out><![CDATA[Request method:	GET
Request URI:	https://restful-booker.herokuapp.com/booking
Proxy:			<none>
Request params:	<none>
Query params:	<none>
Form params:	<none>
Path params:	<none>
Headers:		Accept=application/json
				Content-Type=application/json
Cookies:		<none>
Multiparts:		<none>
Body:			<none>
HTTP/1.1 200 OK
Content-Length: 19680
Content-Type: application/json; charset=utf-8
Date: Thu, 18 Jun 2026 16:43:35 GMT
Etag: W/"4ce0-4wxkPQexNBFCH4utQQjD5yt9trs"
Nel: {"report_to":"heroku-nel","response_headers":["Via"],"max_age":3600,"success_fraction":0.01,"failure_fraction":0.1}
Report-To: {"group":"heroku-nel","endpoints":[{"url":"https://nel.heroku.com/reports?s=xe5LhdLbZ1UCf6dsYVcte7oXjcXfZYMfncY3B3o0DCw%3D\u0026sid=c46efe9b-d3d2-4a0c-8c76-bfafa16c5add\u0026ts=1781801015"}],"max_age":3600}
Reporting-Endpoints: heroku-nel="https://nel.heroku.com/reports?s=xe5LhdLbZ1UCf6dsYVcte7oXjcXfZYMfncY3B3o0DCw%3D&sid=c46efe9b-d3d2-4a0c-8c76-bfafa16c5add&ts=1781801015"
Server: Heroku
Via: 1.1 heroku-router
X-Powered-By: Express

[
    {
        "bookingid": 1
    },
    {
        "bookingid": 2
    },
    {
        "bookingid": 3
    },
    {
        "bookingid": 4
    },
    {
        "bookingid": 5
    },
    {
        "bookingid": 6
    },
    {
        "bookingid": 7
    },
    {
        "bookingid": 8
    },
    {
        "bookingid": 9
    },
    {
        "bookingid": 10
    },
    {
        "bookingid": 11
    },
    {
        "bookingid": 12
    },
    {
        "bookingid": 13
    },
    {
        "bookingid": 14
    },
    {
        "bookingid": 15
    },
    {
        "bookingid": 16
    },
    {
        "bookingid": 17
    },
    {
        "bookingid": 18
    },
    {
        "bookingid": 19
    },
    {
        "bookingid": 20
    },
    {
        "bookingid": 22
    },
    {
        "bookingid": 23
    },
    {
        "bookingid": 24
    },
    {
        "bookingid": 25
    },
    {
        "bookingid": 26
    },
    {
        "bookingid": 27
    },
    {
        "bookingid": 28
    },
    {
        "bookingid": 29
    },
    {
        "bookingid": 30
    },
    {
        "bookingid": 31
    },
    {
        "bookingid": 32
    },
    {
        "bookingid": 33
    },
    {
        "bookingid": 35
    },
    {
        "bookingid": 36
    },
    {
        "bookingid": 37
    },
    {
        "bookingid": 38
    },
    {
        "bookingid": 39
    },
    {
        "bookingid": 40
    },
    {
        "bookingid": 41
    },
    {
        "bookingid": 42
    },
    {
        "bookingid": 43
    },
    {
        "bookingid": 44
    },
    {
        "bookingid": 45
    },
    {
        "bookingid": 46
    },
    {
        "bookingid": 47
    },
    {
        "bookingid": 48
    },
    {
        "bookingid": 49
    },
    {
        "bookingid": 51
    },
    {
        "bookingid": 52
    },
    {
        "bookingid": 53
    },
    {
        "bookingid": 54
    },
    {
        "bookingid": 55
    },
    {
        "bookingid": 56
    },
    {
        "bookingid": 57
    },
    {
        "bookingid": 58
    },
    {
        "bookingid": 60
    },
    {
        "bookingid": 61
    },
    {
        "bookingid": 62
    },
    {
        "bookingid": 63
    },
    {
        "bookingid": 64
    },
    {
        "bookingid": 65
    },
    {
        "bookingid": 66
    },
    {
        "bookingid": 67
    },
    {
        "bookingid": 68
    },
    {
        "bookingid": 69
    },
    {
        "bookingid": 70
    },
    {
        "bookingid": 71
    },
    {
        "bookingid": 74
    },
    {
        "bookingid": 75
    },
    {
        "bookingid": 76
    },
    {
        "bookingid": 77
    },
    {
        "bookingid": 78
    },
    {
        "bookingid": 79
    },
    {
        "bookingid": 81
    },
    {
        "bookingid": 82
    },
    {
        "bookingid": 83
    },
    {
        "bookingid": 84
    },
    {
        "bookingid": 85
    },
    {
        "bookingid": 86
    },
    {
        "bookingid": 88
    },
    {
        "bookingid": 89
    },
    {
        "bookingid": 90
    },
    {
        "bookingid": 91
    },
    {
        "bookingid": 92
    },
    {
        "bookingid": 94
    },
    {
        "bookingid": 95
    },
    {
        "bookingid": 96
    },
    {
        "bookingid": 97
    },
    {
        "bookingid": 98
    },
    {
        "bookingid": 100
    },
    {
        "bookingid": 101
    },
    {
        "bookingid": 102
    },
    {
        "bookingid": 103
    },
    {
        "bookingid": 104
    },
    {
        "bookingid": 105
    },
    {
        "bookingid": 107
    },
    {
        "bookingid": 108
    },
    {
        "bookingid": 109
    },
    {
        "bookingid": 110
    },
    {
        "bookingid": 111
    },
    {
        "bookingid": 112
    },
    {
        "bookingid": 113
    },
    {
        "bookingid": 115
    },
    {
        "bookingid": 117
    },
    {
        "bookingid": 118
    },
    {
        "bookingid": 119
    },
    {
        "bookingid": 120
    },
    {
        "bookingid": 122
    },
    {
        "bookingid": 123
    },
    {
        "bookingid": 125
    },
    {
        "bookingid": 126
    },
    {
        "bookingid": 127
    },
    {
        "bookingid": 128
    },
    {
        "bookingid": 129
    },
    {
        "bookingid": 130
    },
    {
        "bookingid": 131
    },
    {
        "bookingid": 132
    },
    {
        "bookingid": 135
    },
    {
        "bookingid": 136
    },
    {
        "bookingid": 137
    },
    {
        "bookingid": 138
    },
    {
        "bookingid": 139
    },
    {
        "bookingid": 141
    },
    {
        "bookingid": 142
    },
    {
        "bookingid": 143
    },
    {
        "bookingid": 144
    },
    {
        "bookingid": 146
    },
    {
        "bookingid": 148
    },
    {
        "bookingid": 149
    },
    {
        "bookingid": 151
    },
    {
        "bookingid": 152
    },
    {
        "bookingid": 153
    },
    {
        "bookingid": 154
    },
    {
        "bookingid": 157
    },
    {
        "bookingid": 158
    },
    {
        "bookingid": 160
    },
    {
        "bookingid": 161
    },
    {
        "bookingid": 162
    },
    {
        "bookingid": 163
    },
    {
        "bookingid": 166
    },
    {
        "bookingid": 167
    },
    {
        "bookingid": 169
    },
    {
        "bookingid": 170
    },
    {
        "bookingid": 171
    },
    {
        "bookingid": 172
    },
    {
        "bookingid": 173
    },
    {
        "bookingid": 174
    },
    {
        "bookingid": 178
    },
    {
        "bookingid": 179
    },
    {
        "bookingid": 180
    },
    {
        "bookingid": 181
    },
    {
        "bookingid": 184
    },
    {
        "bookingid": 185
    },
    {
        "bookingid": 186
    },
    {
        "bookingid": 187
    },
    {
        "bookingid": 190
    },
    {
        "bookingid": 191
    },
    {
        "bookingid": 192
    },
    {
        "bookingid": 193
    },
    {
        "bookingid": 196
    },
    {
        "bookingid": 197
    },
    {
        "bookingid": 199
    },
    {
        "bookingid": 200
    },
    {
        "bookingid": 202
    },
    {
        "bookingid": 203
    },
    {
        "bookingid": 204
    },
    {
        "bookingid": 205
    },
    {
        "bookingid": 206
    },
    {
        "bookingid": 208
    },
    {
        "bookingid": 211
    },
    {
        "bookingid": 212
    },
    {
        "bookingid": 213
    },
    {
        "bookingid": 214
    },
    {
        "bookingid": 216
    },
    {
        "bookingid": 217
    },
    {
        "bookingid": 218
    },
    {
        "bookingid": 219
    },
    {
        "bookingid": 221
    },
    {
        "bookingid": 223
    },
    {
        "bookingid": 224
    },
    {
        "bookingid": 225
    },
    {
        "bookingid": 226
    },
    {
        "bookingid": 229
    },
    {
        "bookingid": 230
    },
    {
        "bookingid": 232
    },
    {
        "bookingid": 233
    },
    {
        "bookingid": 235
    },
    {
        "bookingid": 236
    },
    {
        "bookingid": 237
    },
    {
        "bookingid": 239
    },
    {
        "bookingid": 241
    },
    {
        "bookingid": 242
    },
    {
        "bookingid": 243
    },
    {
        "bookingid": 244
    },
    {
        "bookingid": 247
    },
    {
        "bookingid": 248
    },
    {
        "bookingid": 249
    },
    {
        "bookingid": 250
    },
    {
        "bookingid": 253
    },
    {
        "bookingid": 254
    },
    {
        "bookingid": 255
    },
    {
        "bookingid": 256
    },
    {
        "bookingid": 257
    },
    {
        "bookingid": 258
    },
    {
        "bookingid": 259
    },
    {
        "bookingid": 263
    },
    {
        "bookingid": 264
    },
    {
        "bookingid": 265
    },
    {
        "bookingid": 266
    },
    {
        "bookingid": 269
    },
    {
        "bookingid": 270
    },
    {
        "bookingid": 271
    },
    {
        "bookingid": 272
    },
    {
        "bookingid": 275
    },
    {
        "bookingid": 276
    },
    {
        "bookingid": 277
    },
    {
        "bookingid": 278
    },
    {
        "bookingid": 281
    },
    {
        "bookingid": 282
    },
    {
        "bookingid": 283
    },
    {
        "bookingid": 284
    },
    {
        "bookingid": 287
    },
    {
        "bookingid": 288
    },
    {
        "bookingid": 289
    },
    {
        "bookingid": 290
    },
    {
        "bookingid": 291
    },
    {
        "bookingid": 294
    },
    {
        "bookingid": 295
    },
    {
        "bookingid": 297
    },
    {
        "bookingid": 299
    },
    {
        "bookingid": 300
    },
    {
        "bookingid": 301
    },
    {
        "bookingid": 302
    },
    {
        "bookingid": 303
    },
    {
        "bookingid": 304
    },
    {
        "bookingid": 306
    },
    {
        "bookingid": 308
    },
    {
        "bookingid": 309
    },
    {
        "bookingid": 311
    },
    {
        "bookingid": 312
    },
    {
        "bookingid": 313
    },
    {
        "bookingid": 314
    },
    {
        "bookingid": 317
    },
    {
        "bookingid": 318
    },
    {
        "bookingid": 320
    },
    {
        "bookingid": 321
    },
    {
        "bookingid": 323
    },
    {
        "bookingid": 324
    },
    {
        "bookingid": 325
    },
    {
        "bookingid": 327
    },
    {
        "bookingid": 329
    },
    {
        "bookingid": 330
    },
    {
        "bookingid": 331
    },
    {
        "bookingid": 332
    },
    {
        "bookingid": 335
    },
    {
        "bookingid": 336
    },
    {
        "bookingid": 338
    },
    {
        "bookingid": 339
    },
    {
        "bookingid": 340
    },
    {
        "bookingid": 341
    },
    {
        "bookingid": 342
    },
    {
        "bookingid": 343
    },
    {
        "bookingid": 347
    },
    {
        "bookingid": 348
    },
    {
        "bookingid": 349
    },
    {
        "bookingid": 350
    },
    {
        "bookingid": 353
    },
    {
        "bookingid": 354
    },
    {
        "bookingid": 355
    },
    {
        "bookingid": 356
    },
    {
        "bookingid": 359
    },
    {
        "bookingid": 360
    },
    {
        "bookingid": 361
    },
    {
        "bookingid": 362
    },
    {
        "bookingid": 365
    },
    {
        "bookingid": 366
    },
    {
        "bookingid": 368
    },
    {
        "bookingid": 369
    },
    {
        "bookingid": 371
    },
    {
        "bookingid": 372
    },
    {
        "bookingid": 373
    },
    {
        "bookingid": 374
    },
    {
        "bookingid": 375
    },
    {
        "bookingid": 377
    },
    {
        "bookingid": 380
    },
    {
        "bookingid": 381
    },
    {
        "bookingid": 383
    },
    {
        "bookingid": 384
    },
    {
        "bookingid": 385
    },
    {
        "bookingid": 386
    },
    {
        "bookingid": 387
    },
    {
        "bookingid": 389
    },
    {
        "bookingid": 390
    },
    {
        "bookingid": 392
    },
    {
        "bookingid": 393
    },
    {
        "bookingid": 394
    },
    {
        "bookingid": 396
    },
    {
        "bookingid": 397
    },
    {
        "bookingid": 399
    },
    {
        "bookingid": 401
    },
    {
        "bookingid": 402
    },
    {
        "bookingid": 404
    },
    {
        "bookingid": 405
    },
    {
        "bookingid": 407
    },
    {
        "bookingid": 408
    },
    {
        "bookingid": 410
    },
    {
        "bookingid": 411
    },
    {
        "bookingid": 412
    },
    {
        "bookingid": 413
    },
    {
        "bookingid": 416
    },
    {
        "bookingid": 417
    },
    {
        "bookingid": 418
    },
    {
        "bookingid": 420
    },
    {
        "bookingid": 422
    },
    {
        "bookingid": 423
    },
    {
        "bookingid": 424
    },
    {
        "bookingid": 425
    },
    {
        "bookingid": 427
    },
    {
        "bookingid": 428
    },
    {
        "bookingid": 429
    },
    {
        "bookingid": 432
    },
    {
        "bookingid": 433
    },
    {
        "bookingid": 435
    },
    {
        "bookingid": 436
    },
    {
        "bookingid": 438
    },
    {
        "bookingid": 439
    },
    {
        "bookingid": 441
    },
    {
        "bookingid": 442
    },
    {
        "bookingid": 444
    },
    {
        "bookingid": 445
    },
    {
        "bookingid": 447
    },
    {
        "bookingid": 449
    },
    {
        "bookingid": 450
    },
    {
        "bookingid": 451
    },
    {
        "bookingid": 453
    },
    {
        "bookingid": 455
    },
    {
        "bookingid": 456
    },
    {
        "bookingid": 457
    },
    {
        "bookingid": 458
    },
    {
        "bookingid": 459
    },
    {
        "bookingid": 462
    },
    {
        "bookingid": 463
    },
    {
        "bookingid": 464
    },
    {
        "bookingid": 467
    },
    {
        "bookingid": 468
    },
    {
        "bookingid": 469
    },
    {
        "bookingid": 470
    },
    {
        "bookingid": 471
    },
    {
        "bookingid": 472
    },
    {
        "bookingid": 474
    },
    {
        "bookingid": 475
    },
    {
        "bookingid": 477
    },
    {
        "bookingid": 479
    },
    {
        "bookingid": 480
    },
    {
        "bookingid": 481
    },
    {
        "bookingid": 482
    },
    {
        "bookingid": 485
    },
    {
        "bookingid": 486
    },
    {
        "bookingid": 488
    },
    {
        "bookingid": 489
    },
    {
        "bookingid": 490
    },
    {
        "bookingid": 493
    },
    {
        "bookingid": 495
    },
    {
        "bookingid": 496
    },
    {
        "bookingid": 498
    },
    {
        "bookingid": 499
    },
    {
        "bookingid": 500
    },
    {
        "bookingid": 501
    },
    {
        "bookingid": 504
    },
    {
        "bookingid": 505
    },
    {
        "bookingid": 507
    },
    {
        "bookingid": 508
    },
    {
        "bookingid": 509
    },
    {
        "bookingid": 511
    },
    {
        "bookingid": 512
    },
    {
        "bookingid": 513
    },
    {
        "bookingid": 515
    },
    {
        "bookingid": 517
    },
    {
        "bookingid": 518
    },
    {
        "bookingid": 520
    },
    {
        "bookingid": 521
    },
    {
        "bookingid": 523
    },
    {
        "bookingid": 524
    },
    {
        "bookingid": 526
    },
    {
        "bookingid": 527
    },
    {
        "bookingid": 529
    },
    {
        "bookingid": 530
    },
    {
        "bookingid": 532
    },
    {
        "bookingid": 534
    },
    {
        "bookingid": 535
    },
    {
        "bookingid": 537
    },
    {
        "bookingid": 538
    },
    {
        "bookingid": 540
    },
    {
        "bookingid": 541
    },
    {
        "bookingid": 542
    },
    {
        "bookingid": 543
    },
    {
        "bookingid": 544
    },
    {
        "bookingid": 546
    },
    {
        "bookingid": 549
    },
    {
        "bookingid": 550
    },
    {
        "bookingid": 552
    },
    {
        "bookingid": 553
    },
    {
        "bookingid": 554
    },
    {
        "bookingid": 555
    },
    {
        "bookingid": 556
    },
    {
        "bookingid": 557
    },
    {
        "bookingid": 558
    },
    {
        "bookingid": 561
    },
    {
        "bookingid": 562
    },
    {
        "bookingid": 563
    },
    {
        "bookingid": 565
    },
    {
        "bookingid": 567
    },
    {
        "bookingid": 568
    },
    {
        "bookingid": 570
    },
    {
        "bookingid": 571
    },
    {
        "bookingid": 572
    },
    {
        "bookingid": 574
    },
    {
        "bookingid": 575
    },
    {
        "bookingid": 577
    },
    {
        "bookingid": 579
    },
    {
        "bookingid": 580
    },
    {
        "bookingid": 581
    },
    {
        "bookingid": 582
    },
    {
        "bookingid": 585
    },
    {
        "bookingid": 586
    },
    {
        "bookingid": 588
    },
    {
        "bookingid": 589
    },
    {
        "bookingid": 590
    },
    {
        "bookingid": 591
    },
    {
        "bookingid": 593
    },
    {
        "bookingid": 594
    },
    {
        "bookingid": 595
    },
    {
        "bookingid": 598
    },
    {
        "bookingid": 599
    },
    {
        "bookingid": 601
    },
    {
        "bookingid": 602
    },
    {
        "bookingid": 604
    },
    {
        "bookingid": 605
    },
    {
        "bookingid": 607
    },
    {
        "bookingid": 608
    },
    {
        "bookingid": 610
    },
    {
        "bookingid": 611
    },
    {
        "bookingid": 613
    },
    {
        "bookingid": 615
    },
    {
        "bookingid": 616
    },
    {
        "bookingid": 617
    },
    {
        "bookingid": 619
    },
    {
        "bookingid": 621
    },
    {
        "bookingid": 622
    },
    {
        "bookingid": 624
    },
    {
        "bookingid": 625
    },
    {
        "bookingid": 626
    },
    {
        "bookingid": 627
    },
    {
        "bookingid": 628
    },
    {
        "bookingid": 629
    },
    {
        "bookingid": 633
    },
    {
        "bookingid": 634
    },
    {
        "bookingid": 636
    },
    {
        "bookingid": 637
    },
    {
        "bookingid": 638
    },
    {
        "bookingid": 639
    },
    {
        "bookingid": 640
    },
    {
        "bookingid": 641
    },
    {
        "bookingid": 642
    },
    {
        "bookingid": 645
    },
    {
        "bookingid": 646
    },
    {
        "bookingid": 648
    },
    {
        "bookingid": 649
    },
    {
        "bookingid": 650
    },
    {
        "bookingid": 651
    },
    {
        "bookingid": 654
    },
    {
        "bookingid": 655
    },
    {
        "bookingid": 656
    },
    {
        "bookingid": 657
    },
    {
        "bookingid": 660
    },
    {
        "bookingid": 661
    },
    {
        "bookingid": 662
    },
    {
        "bookingid": 663
    },
    {
        "bookingid": 666
    },
    {
        "bookingid": 667
    },
    {
        "bookingid": 668
    },
    {
        "bookingid": 669
    },
    {
        "bookingid": 673
    },
    {
        "bookingid": 674
    },
    {
        "bookingid": 675
    },
    {
        "bookingid": 676
    },
    {
        "bookingid": 677
    },
    {
        "bookingid": 679
    },
    {
        "bookingid": 682
    },
    {
        "bookingid": 683
    },
    {
        "bookingid": 684
    },
    {
        "bookingid": 685
    },
    {
        "bookingid": 688
    },
    {
        "bookingid": 689
    },
    {
        "bookingid": 690
    },
    {
        "bookingid": 691
    },
    {
        "bookingid": 694
    },
    {
        "bookingid": 695
    },
    {
        "bookingid": 696
    },
    {
        "bookingid": 697
    },
    {
        "bookingid": 700
    },
    {
        "bookingid": 701
    },
    {
        "bookingid": 702
    },
    {
        "bookingid": 703
    },
    {
        "bookingid": 706
    },
    {
        "bookingid": 707
    },
    {
        "bookingid": 708
    },
    {
        "bookingid": 709
    },
    {
        "bookingid": 711
    },
    {
        "bookingid": 713
    },
    {
        "bookingid": 714
    },
    {
        "bookingid": 715
    },
    {
        "bookingid": 717
    },
    {
        "bookingid": 718
    },
    {
        "bookingid": 721
    },
    {
        "bookingid": 722
    },
    {
        "bookingid": 723
    },
    {
        "bookingid": 724
    },
    {
        "bookingid": 725
    },
    {
        "bookingid": 727
    },
    {
        "bookingid": 728
    },
    {
        "bookingid": 729
    },
    {
        "bookingid": 730
    },
    {
        "bookingid": 733
    },
    {
        "bookingid": 734
    },
    {
        "bookingid": 735
    },
    {
        "bookingid": 736
    },
    {
        "bookingid": 739
    },
    {
        "bookingid": 740
    },
    {
        "bookingid": 742
    },
    {
        "bookingid": 743
    },
    {
        "bookingid": 744
    },
    {
        "bookingid": 746
    },
    {
        "bookingid": 748
    },
    {
        "bookingid": 749
    },
    {
        "bookingid": 751
    },
    {
        "bookingid": 752
    },
    {
        "bookingid": 753
    },
    {
        "bookingid": 754
    },
    {
        "bookingid": 757
    },
    {
        "bookingid": 758
    },
    {
        "bookingid": 759
    },
    {
        "bookingid": 761
    },
    {
        "bookingid": 762
    },
    {
        "bookingid": 764
    },
    {
        "bookingid": 765
    },
    {
        "bookingid": 766
    },
    {
        "bookingid": 768
    },
    {
        "bookingid": 769
    },
    {
        "bookingid": 772
    },
    {
        "bookingid": 773
    },
    {
        "bookingid": 774
    },
    {
        "bookingid": 776
    },
    {
        "bookingid": 777
    },
    {
        "bookingid": 779
    },
    {
        "bookingid": 780
    },
    {
        "bookingid": 781
    },
    {
        "bookingid": 783
    },
    {
        "bookingid": 785
    },
    {
        "bookingid": 786
    },
    {
        "bookingid": 787
    },
    {
        "bookingid": 789
    },
    {
        "bookingid": 791
    },
    {
        "bookingid": 792
    },
    {
        "bookingid": 794
    },
    {
        "bookingid": 795
    },
    {
        "bookingid": 796
    },
    {
        "bookingid": 798
    },
    {
        "bookingid": 799
    },
    {
        "bookingid": 800
    },
    {
        "bookingid": 801
    },
    {
        "bookingid": 803
    },
    {
        "bookingid": 806
    },
    {
        "bookingid": 807
    },
    {
        "bookingid": 808
    },
    {
        "bookingid": 809
    },
    {
        "bookingid": 810
    },
    {
        "bookingid": 811
    },
    {
        "bookingid": 813
    },
    {
        "bookingid": 815
    },
    {
        "bookingid": 816
    },
    {
        "bookingid": 818
    },
    {
        "bookingid": 819
    },
    {
        "bookingid": 820
    },
    {
        "bookingid": 821
    },
    {
        "bookingid": 824
    },
    {
        "bookingid": 825
    },
    {
        "bookingid": 827
    },
    {
        "bookingid": 828
    },
    {
        "bookingid": 829
    },
    {
        "bookingid": 831
    },
    {
        "bookingid": 833
    },
    {
        "bookingid": 834
    },
    {
        "bookingid": 836
    },
    {
        "bookingid": 837
    },
    {
        "bookingid": 838
    },
    {
        "bookingid": 839
    },
    {
        "bookingid": 842
    },
    {
        "bookingid": 843
    },
    {
        "bookingid": 844
    },
    {
        "bookingid": 846
    },
    {
        "bookingid": 848
    },
    {
        "bookingid": 849
    },
    {
        "bookingid": 850
    },
    {
        "bookingid": 851
    },
    {
        "bookingid": 852
    },
    {
        "bookingid": 855
    },
    {
        "bookingid": 856
    },
    {
        "bookingid": 858
    },
    {
        "bookingid": 859
    },
    {
        "bookingid": 861
    },
    {
        "bookingid": 862
    },
    {
        "bookingid": 864
    },
    {
        "bookingid": 865
    },
    {
        "bookingid": 867
    },
    {
        "bookingid": 868
    },
    {
        "bookingid": 870
    },
    {
        "bookingid": 871
    },
    {
        "bookingid": 873
    },
    {
        "bookingid": 875
    },
    {
        "bookingid": 876
    },
    {
        "bookingid": 878
    },
    {
        "bookingid": 879
    },
    {
        "bookingid": 881
    },
    {
        "bookingid": 882
    },
    {
        "bookingid": 883
    },
    {
        "bookingid": 884
    },
    {
        "bookingid": 885
    },
    {
        "bookingid": 886
    },
    {
        "bookingid": 890
    },
    {
        "bookingid": 891
    },
    {
        "bookingid": 892
    },
    {
        "bookingid": 893
    },
    {
        "bookingid": 894
    },
    {
        "bookingid": 895
    },
    {
        "bookingid": 897
    },
    {
        "bookingid": 898
    },
    {
        "bookingid": 900
    },
    {
        "bookingid": 902
    },
    {
        "bookingid": 903
    },
    {
        "bookingid": 904
    },
    {
        "bookingid": 905
    },
    {
        "bookingid": 908
    },
    {
        "bookingid": 909
    },
    {
        "bookingid": 911
    },
    {
        "bookingid": 912
    },
    {
        "bookingid": 913
    },
    {
        "bookingid": 914
    },
    {
        "bookingid": 917
    },
    {
        "bookingid": 918
    },
    {
        "bookingid": 919
    },
    {
        "bookingid": 921
    },
    {
        "bookingid": 922
    },
    {
        "bookingid": 924
    },
    {
        "bookingid": 926
    },
    {
        "bookingid": 927
    },
    {
        "bookingid": 928
    },
    {
        "bookingid": 929
    },
    {
        "bookingid": 932
    },
    {
        "bookingid": 933
    },
    {
        "bookingid": 934
    },
    {
        "bookingid": 935
    },
    {
        "bookingid": 936
    },
    {
        "bookingid": 937
    },
    {
        "bookingid": 941
    },
    {
        "bookingid": 942
    },
    {
        "bookingid": 943
    },
    {
        "bookingid": 945
    },
    {
        "bookingid": 947
    },
    {
        "bookingid": 948
    },
    {
        "bookingid": 949
    },
    {
        "bookingid": 951
    },
    {
        "bookingid": 953
    },
    {
        "bookingid": 954
    },
    {
        "bookingid": 955
    },
    {
        "bookingid": 957
    },
    {
        "bookingid": 959
    },
    {
        "bookingid": 960
    },
    {
        "bookingid": 962
    },
    {
        "bookingid": 963
    },
    {
        "bookingid": 964
    },
    {
        "bookingid": 965
    },
    {
        "bookingid": 966
    },
    {
        "bookingid": 968
    },
    {
        "bookingid": 971
    },
    {
        "bookingid": 972
    },
    {
        "bookingid": 974
    },
    {
        "bookingid": 975
    },
    {
        "bookingid": 976
    },
    {
        "bookingid": 977
    },
    {
        "bookingid": 978
    },
    {
        "bookingid": 979
    },
    {
        "bookingid": 981
    },
    {
        "bookingid": 982
    },
    {
        "bookingid": 984
    },
    {
        "bookingid": 986
    },
    {
        "bookingid": 987
    },
    {
        "bookingid": 988
    },
    {
        "bookingid": 989
    },
    {
        "bookingid": 992
    },
    {
        "bookingid": 993
    },
    {
        "bookingid": 995
    },
    {
        "bookingid": 996
    },
    {
        "bookingid": 997
    },
    {
        "bookingid": 998
    },
    {
        "bookingid": 1001
    },
    {
        "bookingid": 1002
    },
    {
        "bookingid": 1003
    },
    {
        "bookingid": 1005
    },
    {
        "bookingid": 1006
    },
    {
        "bookingid": 1008
    },
    {
        "bookingid": 1009
    },
    {
        "bookingid": 1010
    },
    {
        "bookingid": 1012
    },
    {
        "bookingid": 1014
    },
    {
        "bookingid": 1015
    },
    {
        "bookingid": 1017
    },
    {
        "bookingid": 1018
    },
    {
        "bookingid": 1019
    },
    {
        "bookingid": 1020
    },
    {
        "bookingid": 1023
    },
    {
        "bookingid": 1025
    },
    {
        "bookingid": 1026
    },
    {
        "bookingid": 1027
    },
    {
        "bookingid": 1029
    },
    {
        "bookingid": 1030
    },
    {
        "bookingid": 1032
    },
    {
        "bookingid": 1033
    },
    {
        "bookingid": 1035
    },
    {
        "bookingid": 1036
    },
    {
        "bookingid": 1038
    },
    {
        "bookingid": 1039
    },
    {
        "bookingid": 1041
    },
    {
        "bookingid": 1043
    },
    {
        "bookingid": 1044
    },
    {
        "bookingid": 1046
    },
    {
        "bookingid": 1047
    },
    {
        "bookingid": 1048
    },
    {
        "bookingid": 1049
    },
    {
        "bookingid": 1050
    },
    {
        "bookingid": 1051
    },
    {
        "bookingid": 1055
    },
    {
        "bookingid": 1056
    },
    {
        "bookingid": 1058
    },
    {
        "bookingid": 1059
    },
    {
        "bookingid": 1060
    },
    {
        "bookingid": 1061
    },
    {
        "bookingid": 1062
    },
    {
        "bookingid": 1063
    },
    {
        "bookingid": 1064
    },
    {
        "bookingid": 1067
    },
    {
        "bookingid": 1068
    },
    {
        "bookingid": 1069
    },
    {
        "bookingid": 1071
    },
    {
        "bookingid": 1072
    },
    {
        "bookingid": 1074
    },
    {
        "bookingid": 1075
    },
    {
        "bookingid": 1076
    },
    {
        "bookingid": 1078
    },
    {
        "bookingid": 1080
    },
    {
        "bookingid": 1081
    },
    {
        "bookingid": 1082
    },
    {
        "bookingid": 1084
    },
    {
        "bookingid": 1086
    },
    {
        "bookingid": 1087
    },
    {
        "bookingid": 1088
    },
    {
        "bookingid": 1089
    },
    {
        "bookingid": 1092
    },
    {
        "bookingid": 1093
    },
    {
        "bookingid": 1094
    },
    {
        "bookingid": 1096
    },
    {
        "bookingid": 1097
    },
    {
        "bookingid": 1098
    },
    {
        "bookingid": 1100
    },
    {
        "bookingid": 1101
    },
    {
        "bookingid": 1103
    },
    {
        "bookingid": 1104
    },
    {
        "bookingid": 1105
    },
    {
        "bookingid": 1107
    },
    {
        "bookingid": 1109
    },
    {
        "bookingid": 1110
    },
    {
        "bookingid": 1111
    },
    {
        "bookingid": 1112
    },
    {
        "bookingid": 1114
    },
    {
        "bookingid": 1117
    },
    {
        "bookingid": 1118
    },
    {
        "bookingid": 1119
    },
    {
        "bookingid": 1121
    },
    {
        "bookingid": 1123
    },
    {
        "bookingid": 1124
    },
    {
        "bookingid": 1125
    },
    {
        "bookingid": 1127
    },
    {
        "bookingid": 1129
    },
    {
        "bookingid": 1130
    },
    {
        "bookingid": 1132
    },
    {
        "bookingid": 1133
    },
    {
        "bookingid": 1134
    },
    {
        "bookingid": 1136
    },
    {
        "bookingid": 1137
    },
    {
        "bookingid": 1138
    },
    {
        "bookingid": 1140
    },
    {
        "bookingid": 1141
    },
    {
        "bookingid": 1144
    },
    {
        "bookingid": 1145
    },
    {
        "bookingid": 1146
    },
    {
        "bookingid": 1147
    },
    {
        "bookingid": 1148
    },
    {
        "bookingid": 1150
    },
    {
        "bookingid": 1151
    },
    {
        "bookingid": 1152
    },
    {
        "bookingid": 1154
    },
    {
        "bookingid": 1156
    },
    {
        "bookingid": 1157
    },
    {
        "bookingid": 1158
    },
    {
        "bookingid": 1159
    },
    {
        "bookingid": 1162
    },
    {
        "bookingid": 1163
    },
    {
        "bookingid": 1165
    },
    {
        "bookingid": 1166
    },
    {
        "bookingid": 1167
    },
    {
        "bookingid": 1168
    },
    {
        "bookingid": 1171
    },
    {
        "bookingid": 1172
    },
    {
        "bookingid": 1173
    },
    {
        "bookingid": 1175
    },
    {
        "bookingid": 1176
    },
    {
        "bookingid": 1178
    },
    {
        "bookingid": 1180
    },
    {
        "bookingid": 1181
    },
    {
        "bookingid": 1182
    },
    {
        "bookingid": 1183
    },
    {
        "bookingid": 1186
    },
    {
        "bookingid": 1187
    },
    {
        "bookingid": 1188
    },
    {
        "bookingid": 1189
    },
    {
        "bookingid": 1190
    },
    {
        "bookingid": 1191
    },
    {
        "bookingid": 1195
    },
    {
        "bookingid": 1196
    },
    {
        "bookingid": 1197
    },
    {
        "bookingid": 1198
    },
    {
        "bookingid": 1201
    },
    {
        "bookingid": 1202
    },
    {
        "bookingid": 1203
    },
    {
        "bookingid": 1205
    },
    {
        "bookingid": 1207
    },
    {
        "bookingid": 1208
    },
    {
        "bookingid": 1209
    },
    {
        "bookingid": 1211
    },
    {
        "bookingid": 1213
    },
    {
        "bookingid": 1214
    },
    {
        "bookingid": 1216
    },
    {
        "bookingid": 1217
    },
    {
        "bookingid": 1218
    },
    {
        "bookingid": 1219
    },
    {
        "bookingid": 1220
    },
    {
        "bookingid": 1223
    },
    {
        "bookingid": 1224
    },
    {
        "bookingid": 1226
    },
    {
        "bookingid": 1228
    },
    {
        "bookingid": 1229
    },
    {
        "bookingid": 1230
    },
    {
        "bookingid": 1231
    },
    {
        "bookingid": 1232
    },
    {
        "bookingid": 1233
    },
    {
        "bookingid": 1235
    },
    {
        "bookingid": 1237
    },
    {
        "bookingid": 1238
    },
    {
        "bookingid": 1240
    },
    {
        "bookingid": 1241
    },
    {
        "bookingid": 1242
    },
    {
        "bookingid": 1243
    },
    {
        "bookingid": 1246
    },
    {
        "bookingid": 1247
    },
    {
        "bookingid": 1249
    },
    {
        "bookingid": 1250
    },
    {
        "bookingid": 1251
    },
    {
        "bookingid": 1252
    },
    {
        "bookingid": 1255
    },
    {
        "bookingid": 1256
    },
    {
        "bookingid": 1258
    },
    {
        "bookingid": 1259
    },
    {
        "bookingid": 1260
    },
    {
        "bookingid": 1262
    },
    {
        "bookingid": 1264
    },
    {
        "bookingid": 1265
    },
    {
        "bookingid": 1266
    },
    {
        "bookingid": 1268
    },
    {
        "bookingid": 1269
    },
    {
        "bookingid": 1271
    },
    {
        "bookingid": 1272
    },
    {
        "bookingid": 1273
    },
    {
        "bookingid": 1275
    },
    {
        "bookingid": 1276
    },
    {
        "bookingid": 1277
    },
    {
        "bookingid": 1280
    },
    {
        "bookingid": 1281
    },
    {
        "bookingid": 1283
    },
    {
        "bookingid": 1285
    },
    {
        "bookingid": 1286
    },
    {
        "bookingid": 1287
    },
    {
        "bookingid": 1289
    },
    {
        "bookingid": 1291
    },
    {
        "bookingid": 1292
    },
    {
        "bookingid": 1293
    },
    {
        "bookingid": 1295
    },
    {
        "bookingid": 1297
    },
    {
        "bookingid": 1298
    },
    {
        "bookingid": 1300
    },
    {
        "bookingid": 1301
    },
    {
        "bookingid": 1302
    },
    {
        "bookingid": 1304
    },
    {
        "bookingid": 1305
    },
    {
        "bookingid": 1307
    },
    {
        "bookingid": 1308
    },
    {
        "bookingid": 1309
    },
    {
        "bookingid": 1312
    },
    {
        "bookingid": 1313
    },
    {
        "bookingid": 1314
    },
    {
        "bookingid": 1315
    },
    {
        "bookingid": 1317
    },
    {
        "bookingid": 1318
    },
    {
        "bookingid": 1319
    },
    {
        "bookingid": 1320
    },
    {
        "bookingid": 1322
    },
    {
        "bookingid": 1324
    },
    {
        "bookingid": 1325
    },
    {
        "bookingid": 1326
    },
    {
        "bookingid": 1328
    },
    {
        "bookingid": 1330
    },
    {
        "bookingid": 1331
    },
    {
        "bookingid": 1333
    },
    {
        "bookingid": 1334
    },
    {
        "bookingid": 1336
    },
    {
        "bookingid": 1337
    },
    {
        "bookingid": 1338
    },
    {
        "bookingid": 1340
    },
    {
        "bookingid": 1342
    },
    {
        "bookingid": 1343
    },
    {
        "bookingid": 1344
    },
    {
        "bookingid": 1345
    },
    {
        "bookingid": 1347
    },
    {
        "bookingid": 1348
    },
    {
        "bookingid": 1350
    },
    {
        "bookingid": 1352
    },
    {
        "bookingid": 1353
    },
    {
        "bookingid": 1354
    },
    {
        "bookingid": 1355
    },
    {
        "bookingid": 1357
    },
    {
        "bookingid": 1358
    },
    {
        "bookingid": 1360
    },
    {
        "bookingid": 1362
    },
    {
        "bookingid": 1363
    },
    {
        "bookingid": 1364
    },
    {
        "bookingid": 1366
    },
    {
        "bookingid": 1368
    },
    {
        "bookingid": 1369
    },
    {
        "bookingid": 1370
    },
    {
        "bookingid": 1372
    },
    {
        "bookingid": 1373
    },
    {
        "bookingid": 1375
    },
    {
        "bookingid": 1376
    },
    {
        "bookingid": 1378
    },
    {
        "bookingid": 1380
    },
    {
        "bookingid": 1381
    },
    {
        "bookingid": 1383
    },
    {
        "bookingid": 1384
    },
    {
        "bookingid": 1386
    },
    {
        "bookingid": 1387
    },
    {
        "bookingid": 1388
    },
    {
        "bookingid": 1389
    },
    {
        "bookingid": 1390
    },
    {
        "bookingid": 1391
    },
    {
        "bookingid": 1395
    },
    {
        "bookingid": 1396
    },
    {
        "bookingid": 1397
    },
    {
        "bookingid": 1399
    },
    {
        "bookingid": 1400
    },
    {
        "bookingid": 1401
    },
    {
        "bookingid": 1402
    },
    {
        "bookingid": 1403
    },
    {
        "bookingid": 1404
    },
    {
        "bookingid": 1407
    },
    {
        "bookingid": 1408
    },
    {
        "bookingid": 1409
    },
    {
        "bookingid": 1411
    },
    {
        "bookingid": 1413
    },
    {
        "bookingid": 1414
    },
    {
        "bookingid": 1416
    },
    {
        "bookingid": 1417
    },
    {
        "bookingid": 1418
    },
    {
        "bookingid": 1419
    },
    {
        "bookingid": 1422
    },
    {
        "bookingid": 1423
    },
    {
        "bookingid": 1425
    },
    {
        "bookingid": 1426
    },
    {
        "bookingid": 1427
    },
    {
        "bookingid": 1429
    },
    {
        "bookingid": 1430
    },
    {
        "bookingid": 1432
    },
    {
        "bookingid": 1434
    },
    {
        "bookingid": 1435
    },
    {
        "bookingid": 1436
    },
    {
        "bookingid": 1437
    },
    {
        "bookingid": 1440
    },
    {
        "bookingid": 1441
    },
    {
        "bookingid": 1442
    },
    {
        "bookingid": 1443
    },
    {
        "bookingid": 1444
    },
    {
        "bookingid": 1445
    },
    {
        "bookingid": 1449
    },
    {
        "bookingid": 1450
    },
    {
        "bookingid": 1451
    },
    {
        "bookingid": 1452
    },
    {
        "bookingid": 1455
    },
    {
        "bookingid": 1456
    },
    {
        "bookingid": 1457
    },
    {
        "bookingid": 1458
    },
    {
        "bookingid": 1461
    },
    {
        "bookingid": 1462
    },
    {
        "bookingid": 1463
    },
    {
        "bookingid": 1464
    },
    {
        "bookingid": 1465
    },
    {
        "bookingid": 1468
    },
    {
        "bookingid": 1469
    },
    {
        "bookingid": 1471
    },
    {
        "bookingid": 1472
    },
    {
        "bookingid": 1473
    },
    {
        "bookingid": 1475
    },
    {
        "bookingid": 1477
    },
    {
        "bookingid": 1478
    },
    {
        "bookingid": 1479
    },
    {
        "bookingid": 1480
    },
    {
        "bookingid": 1483
    },
    {
        "bookingid": 1484
    },
    {
        "bookingid": 1485
    },
    {
        "bookingid": 1486
    },
    {
        "bookingid": 1489
    },
    {
        "bookingid": 1490
    },
    {
        "bookingid": 1492
    },
    {
        "bookingid": 1493
    },
    {
        "bookingid": 1494
    },
    {
        "bookingid": 1495
    },
    {
        "bookingid": 1498
    },
    {
        "bookingid": 1499
    },
    {
        "bookingid": 1500
    },
    {
        "bookingid": 1501
    },
    {
        "bookingid": 1502
    },
    {
        "bookingid": 1504
    },
    {
        "bookingid": 1505
    },
    {
        "bookingid": 1506
    },
    {
        "bookingid": 1508
    },
    {
        "bookingid": 1510
    },
    {
        "bookingid": 1511
    },
    {
        "bookingid": 1513
    },
    {
        "bookingid": 1514
    },
    {
        "bookingid": 1515
    },
    {
        "bookingid": 1516
    },
    {
        "bookingid": 1519
    },
    {
        "bookingid": 1520
    },
    {
        "bookingid": 1522
    },
    {
        "bookingid": 1523
    },
    {
        "bookingid": 1524
    },
    {
        "bookingid": 1525
    },
    {
        "bookingid": 1527
    },
    {
        "bookingid": 1529
    },
    {
        "bookingid": 1530
    },
    {
        "bookingid": 1531
    },
    {
        "bookingid": 1532
    },
    {
        "bookingid": 1534
    },
    {
        "bookingid": 1537
    },
    {
        "bookingid": 1538
    },
    {
        "bookingid": 1539
    },
    {
        "bookingid": 1540
    },
    {
        "bookingid": 1542
    },
    {
        "bookingid": 1544
    },
    {
        "bookingid": 1545
    },
    {
        "bookingid": 1546
    }
]
]]></system-out>
  </testcase>
  <testcase name="TC04_GetBookingById" classname="api.tests.PositiveTests" time="0.713">
    <system-out><![CDATA[Request method:	GET
Request URI:	https://restful-booker.herokuapp.com/booking/1538
Proxy:			<none>
Request params:	<none>
Query params:	<none>
Form params:	<none>
Path params:	id=1538
Headers:		Accept=application/json
				Content-Type=application/json
Cookies:		<none>
Multiparts:		<none>
Body:			<none>
HTTP/1.1 200 OK
Content-Length: 170
Content-Type: application/json; charset=utf-8
Date: Thu, 18 Jun 2026 16:43:36 GMT
Etag: W/"aa-/5bZnHR3x8mekajbP7r5WWZIkF8"
Nel: {"report_to":"heroku-nel","response_headers":["Via"],"max_age":3600,"success_fraction":0.01,"failure_fraction":0.1}
Report-To: {"group":"heroku-nel","endpoints":[{"url":"https://nel.heroku.com/reports?s=fiPgi3XwtOMGgQQtA9anRiWw0t8UOUyqNiZp9WJ0O%2FI%3D\u0026sid=c46efe9b-d3d2-4a0c-8c76-bfafa16c5add\u0026ts=1781801016"}],"max_age":3600}
Reporting-Endpoints: heroku-nel="https://nel.heroku.com/reports?s=fiPgi3XwtOMGgQQtA9anRiWw0t8UOUyqNiZp9WJ0O%2FI%3D&sid=c46efe9b-d3d2-4a0c-8c76-bfafa16c5add&ts=1781801016"
Server: Heroku
Via: 1.1 heroku-router
X-Powered-By: Express

{
    "firstname": "Amgad",
    "lastname": "Atef",
    "totalprice": 1000,
    "depositpaid": true,
    "bookingdates": {
        "checkin": "2018-01-01",
        "checkout": "2019-01-01"
    },
    "additionalneeds": "Breakfast"
}
]]></system-out>
  </testcase>
  <testcase name="TC05_UpdateBooking" classname="api.tests.PositiveTests" time="0.758">
    <system-out><![CDATA[Request method:	PUT
Request URI:	https://restful-booker.herokuapp.com/booking/1538
Proxy:			<none>
Request params:	<none>
Query params:	<none>
Form params:	<none>
Path params:	id=1538
Headers:		Accept=application/json
				Content-Type=application/json
Cookies:		token=4b93d1c9b6ff91d
Multiparts:		<none>
Body:
{
    "firstname": "James",
    "lastname": "Smith",
    "totalprice": 1000,
    "depositpaid": true,
    "bookingdates": {
        "checkin": "2018-01-01",
        "checkout": "2019-01-01"
    },
    "additionalneeds": "Breakfast"
}
HTTP/1.1 200 OK
Content-Length: 171
Content-Type: application/json; charset=utf-8
Date: Thu, 18 Jun 2026 16:43:37 GMT
Etag: W/"ab-Dg1xDAjanIxfrd7quuRQo1/xuYE"
Nel: {"report_to":"heroku-nel","response_headers":["Via"],"max_age":3600,"success_fraction":0.01,"failure_fraction":0.1}
Report-To: {"group":"heroku-nel","endpoints":[{"url":"https://nel.heroku.com/reports?s=LlkeHi3XcGvQsBChST96xZb0B8syfjG7gx4X7icEkI0%3D\u0026sid=c46efe9b-d3d2-4a0c-8c76-bfafa16c5add\u0026ts=1781801017"}],"max_age":3600}
Reporting-Endpoints: heroku-nel="https://nel.heroku.com/reports?s=LlkeHi3XcGvQsBChST96xZb0B8syfjG7gx4X7icEkI0%3D&sid=c46efe9b-d3d2-4a0c-8c76-bfafa16c5add&ts=1781801017"
Server: Heroku
Via: 1.1 heroku-router
X-Powered-By: Express

{
    "firstname": "James",
    "lastname": "Smith",
    "totalprice": 1000,
    "depositpaid": true,
    "bookingdates": {
        "checkin": "2018-01-01",
        "checkout": "2019-01-01"
    },
    "additionalneeds": "Breakfast"
}
]]></system-out>
  </testcase>
  <testcase name="TC06_PartialUpdateBooking" classname="api.tests.PositiveTests" time="0.746">
    <system-out><![CDATA[Request method:	PATCH
Request URI:	https://restful-booker.herokuapp.com/booking/1538
Proxy:			<none>
Request params:	<none>
Query params:	<none>
Form params:	<none>
Path params:	id=1538
Headers:		Accept=application/json
				Content-Type=application/json
Cookies:		token=4b93d1c9b6ff91d
Multiparts:		<none>
Body:
{
    "firstname": "Ahmed",
    "totalprice": 500
}
HTTP/1.1 200 OK
Content-Length: 170
Content-Type: application/json; charset=utf-8
Date: Thu, 18 Jun 2026 16:43:38 GMT
Etag: W/"aa-VBBMIi6Kh6awBboqje/yDzakWZA"
Nel: {"report_to":"heroku-nel","response_headers":["Via"],"max_age":3600,"success_fraction":0.01,"failure_fraction":0.1}
Report-To: {"group":"heroku-nel","endpoints":[{"url":"https://nel.heroku.com/reports?s=Sn70rFOQ9pcDNTwUaVL1ftHHJZE8ayjve9Wy9J4r3ds%3D\u0026sid=c46efe9b-d3d2-4a0c-8c76-bfafa16c5add\u0026ts=1781801018"}],"max_age":3600}
Reporting-Endpoints: heroku-nel="https://nel.heroku.com/reports?s=Sn70rFOQ9pcDNTwUaVL1ftHHJZE8ayjve9Wy9J4r3ds%3D&sid=c46efe9b-d3d2-4a0c-8c76-bfafa16c5add&ts=1781801018"
Server: Heroku
Via: 1.1 heroku-router
X-Powered-By: Express

{
    "firstname": "Ahmed",
    "lastname": "Smith",
    "totalprice": 500,
    "depositpaid": true,
    "bookingdates": {
        "checkin": "2018-01-01",
        "checkout": "2019-01-01"
    },
    "additionalneeds": "Breakfast"
}
]]></system-out>
  </testcase>
  <testcase name="TC07_DeleteBooking" classname="api.tests.PositiveTests" time="0.702">
    <system-out><![CDATA[Request method:	DELETE
Request URI:	https://restful-booker.herokuapp.com/booking/1538
Proxy:			<none>
Request params:	<none>
Query params:	<none>
Form params:	<none>
Path params:	id=1538
Headers:		Accept=application/json
				Content-Type=application/json
Cookies:		token=4b93d1c9b6ff91d
Multiparts:		<none>
Body:			<none>
HTTP/1.1 201 Created
Content-Length: 7
Content-Type: text/plain; charset=utf-8
Date: Thu, 18 Jun 2026 16:43:38 GMT
Etag: W/"7-rM9AyJuqT6iOan/xHh+AW+7K/T8"
Nel: {"report_to":"heroku-nel","response_headers":["Via"],"max_age":3600,"success_fraction":0.01,"failure_fraction":0.1}
Report-To: {"group":"heroku-nel","endpoints":[{"url":"https://nel.heroku.com/reports?s=Sn70rFOQ9pcDNTwUaVL1ftHHJZE8ayjve9Wy9J4r3ds%3D\u0026sid=c46efe9b-d3d2-4a0c-8c76-bfafa16c5add\u0026ts=1781801018"}],"max_age":3600}
Reporting-Endpoints: heroku-nel="https://nel.heroku.com/reports?s=Sn70rFOQ9pcDNTwUaVL1ftHHJZE8ayjve9Wy9J4r3ds%3D&sid=c46efe9b-d3d2-4a0c-8c76-bfafa16c5add&ts=1781801018"
Server: Heroku
Via: 1.1 heroku-router
X-Powered-By: Express

Created
]]></system-out>
  </testcase>
  <testcase name="TC08_VerifyBookingDeleted" classname="api.tests.PositiveTests" time="0.685">
    <system-out><![CDATA[Request method:	GET
Request URI:	https://restful-booker.herokuapp.com/booking/1538
Proxy:			<none>
Request params:	<none>
Query params:	<none>
Form params:	<none>
Path params:	id=1538
Headers:		Accept=application/json
				Content-Type=application/json
Cookies:		<none>
Multiparts:		<none>
Body:			<none>
HTTP/1.1 404 Not Found
Content-Length: 9
Content-Type: text/plain; charset=utf-8
Date: Thu, 18 Jun 2026 16:43:39 GMT
Etag: W/"9-0gXL1ngzMqISxa6S1zx3F4wtLyg"
Nel: {"report_to":"heroku-nel","response_headers":["Via"],"max_age":3600,"success_fraction":0.01,"failure_fraction":0.1}
Report-To: {"group":"heroku-nel","endpoints":[{"url":"https://nel.heroku.com/reports?s=Wh3GzJn6evn7zrWYSexUoPRnw2ciCVT3B%2FPI4Ft53V8%3D\u0026sid=c46efe9b-d3d2-4a0c-8c76-bfafa16c5add\u0026ts=1781801019"}],"max_age":3600}
Reporting-Endpoints: heroku-nel="https://nel.heroku.com/reports?s=Wh3GzJn6evn7zrWYSexUoPRnw2ciCVT3B%2FPI4Ft53V8%3D&sid=c46efe9b-d3d2-4a0c-8c76-bfafa16c5add&ts=1781801019"
Server: Heroku
Via: 1.1 heroku-router
X-Powered-By: Express

Not Found
]]></system-out>
  </testcase>
  <testcase name="NT01_CreateToken_WrongCredentials" classname="api.tests.NegativeTests" time="0.727">
    <system-out><![CDATA[Request method:	POST
Request URI:	https://restful-booker.herokuapp.com/auth
Proxy:			<none>
Request params:	<none>
Query params:	<none>
Form params:	<none>
Path params:	<none>
Headers:		Accept=application/json
				Content-Type=application/json
Cookies:		<none>
Multiparts:		<none>
Body:
{
    "username": "amgad",
    "password": "13123124"
}
HTTP/1.1 200 OK
Content-Length: 28
Content-Type: application/json; charset=utf-8
Date: Thu, 18 Jun 2026 16:43:40 GMT
Etag: W/"1c-J3EiwfZwVQjKTKvpvazUfTni8fI"
Nel: {"report_to":"heroku-nel","response_headers":["Via"],"max_age":3600,"success_fraction":0.01,"failure_fraction":0.1}
Report-To: {"group":"heroku-nel","endpoints":[{"url":"https://nel.heroku.com/reports?s=%2FVFuSFSATkOfW%2FeyaJNCMDuf7tQDm%2FHysprFmkq7yNY%3D\u0026sid=c46efe9b-d3d2-4a0c-8c76-bfafa16c5add\u0026ts=1781801020"}],"max_age":3600}
Reporting-Endpoints: heroku-nel="https://nel.heroku.com/reports?s=%2FVFuSFSATkOfW%2FeyaJNCMDuf7tQDm%2FHysprFmkq7yNY%3D&sid=c46efe9b-d3d2-4a0c-8c76-bfafa16c5add&ts=1781801020"
Server: Heroku
Via: 1.1 heroku-router
X-Powered-By: Express

{
    "reason": "Bad credentials"
}
]]></system-out>
  </testcase>
  <testcase name="NT02_CreateToken_EmptyCredentials" classname="api.tests.NegativeTests" time="0.73">
    <system-out><![CDATA[Request method:	POST
Request URI:	https://restful-booker.herokuapp.com/auth
Proxy:			<none>
Request params:	<none>
Query params:	<none>
Form params:	<none>
Path params:	<none>
Headers:		Accept=application/json
				Content-Type=application/json
Cookies:		<none>
Multiparts:		<none>
Body:
{
    "username": "",
    "password": ""
}
HTTP/1.1 200 OK
Content-Length: 28
Content-Type: application/json; charset=utf-8
Date: Thu, 18 Jun 2026 16:43:41 GMT
Etag: W/"1c-J3EiwfZwVQjKTKvpvazUfTni8fI"
Nel: {"report_to":"heroku-nel","response_headers":["Via"],"max_age":3600,"success_fraction":0.01,"failure_fraction":0.1}
Report-To: {"group":"heroku-nel","endpoints":[{"url":"https://nel.heroku.com/reports?s=hoNx7VDEzHajn%2BHTn54s48qtnJ%2Br164GsOQtUB7eTkc%3D\u0026sid=c46efe9b-d3d2-4a0c-8c76-bfafa16c5add\u0026ts=1781801021"}],"max_age":3600}
Reporting-Endpoints: heroku-nel="https://nel.heroku.com/reports?s=hoNx7VDEzHajn%2BHTn54s48qtnJ%2Br164GsOQtUB7eTkc%3D&sid=c46efe9b-d3d2-4a0c-8c76-bfafa16c5add&ts=1781801021"
Server: Heroku
Via: 1.1 heroku-router
X-Powered-By: Express

{
    "reason": "Bad credentials"
}
]]></system-out>
  </testcase>
  <testcase name="NT03_CreateBooking_MissingFields" classname="api.tests.NegativeTests" time="0.717">
    <system-out><![CDATA[Request method:	POST
Request URI:	https://restful-booker.herokuapp.com/booking
Proxy:			<none>
Request params:	<none>
Query params:	<none>
Form params:	<none>
Path params:	<none>
Headers:		Accept=application/json
				Content-Type=application/json
Cookies:		<none>
Multiparts:		<none>
Body:
{
    "totalprice": 100,
    "depositpaid": true
}
]]></system-out>
  </testcase>
  <testcase name="NT04_CreateBooking_InvalidDateFormat" classname="api.tests.NegativeTests" time="0.693">
    <failure message="Invalid date format should not result in a successful booking did not expect [200] but found [200]" type="java.lang.AssertionError"><![CDATA[java.lang.AssertionError: Invalid date format should not result in a successful booking did not expect [200] but found [200]
	at org.testng.Assert.fail(Assert.java:111)
	at org.testng.Assert.failEquals(Assert.java:1582)
	at org.testng.Assert.assertNotEqualsImpl(Assert.java:157)
	at org.testng.Assert.assertNotEquals(Assert.java:2201)
	at api.tests.NegativeTests.NT04_CreateBooking_InvalidDateFormat(NegativeTests.java:86)
	at java.base/jdk.internal.reflect.DirectMethodHandleAccessor.invoke(DirectMethodHandleAccessor.java:103)
	at java.base/java.lang.reflect.Method.invoke(Method.java:580)
	at org.testng.internal.invokers.MethodInvocationHelper.invokeMethod(MethodInvocationHelper.java:139)
	at org.testng.internal.invokers.TestInvoker.invokeMethod(TestInvoker.java:664)
	at org.testng.internal.invokers.TestInvoker.invokeTestMethod(TestInvoker.java:228)
	at org.testng.internal.invokers.MethodRunner.runInSequence(MethodRunner.java:63)
	at org.testng.internal.invokers.TestInvoker$MethodInvocationAgent.invoke(TestInvoker.java:961)
	at org.testng.internal.invokers.TestInvoker.invokeTestMethods(TestInvoker.java:201)
	at org.testng.internal.invokers.TestMethodWorker.invokeTestMethods(TestMethodWorker.java:148)
	at org.testng.internal.invokers.TestMethodWorker.run(TestMethodWorker.java:128)
	at java.base/java.util.ArrayList.forEach(ArrayList.java:1597)
	at org.testng.TestRunner.privateRun(TestRunner.java:819)
	at org.testng.TestRunner.run(TestRunner.java:619)
	at org.testng.SuiteRunner.runTest(SuiteRunner.java:443)
	at org.testng.SuiteRunner.runSequentially(SuiteRunner.java:437)
	at org.testng.SuiteRunner.privateRun(SuiteRunner.java:397)
	at org.testng.SuiteRunner.run(SuiteRunner.java:336)
	at org.testng.SuiteRunnerWorker.runSuite(SuiteRunnerWorker.java:52)
	at org.testng.SuiteRunnerWorker.run(SuiteRunnerWorker.java:95)
	at org.testng.TestNG.runSuitesSequentially(TestNG.java:1301)
	at org.testng.TestNG.runSuitesLocally(TestNG.java:1228)
	at org.testng.TestNG.runSuites(TestNG.java:1134)
	at org.testng.TestNG.run(TestNG.java:1101)
	at org.apache.maven.surefire.testng.TestNGExecutor.run(TestNGExecutor.java:308)
	at org.apache.maven.surefire.testng.TestNGXmlTestSuite.execute(TestNGXmlTestSuite.java:71)
	at org.apache.maven.surefire.testng.TestNGProvider.invoke(TestNGProvider.java:113)
	at org.apache.maven.surefire.booter.ForkedBooter.runSuitesInProcess(ForkedBooter.java:385)
	at org.apache.maven.surefire.booter.ForkedBooter.execute(ForkedBooter.java:162)
	at org.apache.maven.surefire.booter.ForkedBooter.run(ForkedBooter.java:507)
	at org.apache.maven.surefire.booter.ForkedBooter.main(ForkedBooter.java:495)
]]></failure>
    <system-out><![CDATA[Request method:	POST
Request URI:	https://restful-booker.herokuapp.com/booking
Proxy:			<none>
Request params:	<none>
Query params:	<none>
Form params:	<none>
Path params:	<none>
Headers:		Accept=application/json
				Content-Type=application/json
Cookies:		<none>
Multiparts:		<none>
Body:
{
    "firstname": "Test",
    "lastname": "User",
    "totalprice": 100,
    "depositpaid": true,
    "bookingdates": {
        "checkin": "look at me",
        "checkout": "hey wo wo wo"
    },
    "additionalneeds": "None"
}
HTTP/1.1 200 OK
Content-Length: 192
Content-Type: application/json; charset=utf-8
Date: Thu, 18 Jun 2026 16:43:42 GMT
Etag: W/"c0-aU/5LXy/3bbJs7bL3Pk6dLTgUyI"
Nel: {"report_to":"heroku-nel","response_headers":["Via"],"max_age":3600,"success_fraction":0.01,"failure_fraction":0.1}
Report-To: {"group":"heroku-nel","endpoints":[{"url":"https://nel.heroku.com/reports?s=aHUtQHyKZod%2F6s6tHwAc6urwo3H4Pk5zCi0u%2FrLrzl8%3D\u0026sid=c46efe9b-d3d2-4a0c-8c76-bfafa16c5add\u0026ts=1781801022"}],"max_age":3600}
Reporting-Endpoints: heroku-nel="https://nel.heroku.com/reports?s=aHUtQHyKZod%2F6s6tHwAc6urwo3H4Pk5zCi0u%2FrLrzl8%3D&sid=c46efe9b-d3d2-4a0c-8c76-bfafa16c5add&ts=1781801022"
Server: Heroku
Via: 1.1 heroku-router
X-Powered-By: Express

{
    "bookingid": 1599,
    "booking": {
        "firstname": "Test",
        "lastname": "User",
        "totalprice": 100,
        "depositpaid": true,
        "bookingdates": {
            "checkin": "0NaN-aN-aN",
            "checkout": "0NaN-aN-aN"
        },
        "additionalneeds": "None"
    }
}
]]></system-out>
  </testcase>
  <testcase name="NT05_GetBooking_NotFound" classname="api.tests.NegativeTests" time="0.712">
    <system-out><![CDATA[Request method:	GET
Request URI:	https://restful-booker.herokuapp.com/booking/999999999
Proxy:			<none>
Request params:	<none>
Query params:	<none>
Form params:	<none>
Path params:	id=999999999
Headers:		Accept=application/json
				Content-Type=application/json
Cookies:		<none>
Multiparts:		<none>
Body:			<none>
HTTP/1.1 404 Not Found
Content-Length: 9
Content-Type: text/plain; charset=utf-8
Date: Thu, 18 Jun 2026 16:43:43 GMT
Etag: W/"9-0gXL1ngzMqISxa6S1zx3F4wtLyg"
Nel: {"report_to":"heroku-nel","response_headers":["Via"],"max_age":3600,"success_fraction":0.01,"failure_fraction":0.1}
Report-To: {"group":"heroku-nel","endpoints":[{"url":"https://nel.heroku.com/reports?s=fQS49pYr%2FLVZbxgFSmfDHBgpjSCwtRHPA1PV9eIf%2BTU%3D\u0026sid=c46efe9b-d3d2-4a0c-8c76-bfafa16c5add\u0026ts=1781801023"}],"max_age":3600}
Reporting-Endpoints: heroku-nel="https://nel.heroku.com/reports?s=fQS49pYr%2FLVZbxgFSmfDHBgpjSCwtRHPA1PV9eIf%2BTU%3D&sid=c46efe9b-d3d2-4a0c-8c76-bfafa16c5add&ts=1781801023"
Server: Heroku
Via: 1.1 heroku-router
X-Powered-By: Express

Not Found
]]></system-out>
  </testcase>
  <testcase name="NT06_UpdateBooking_NoToken" classname="api.tests.NegativeTests" time="0.703">
    <system-out><![CDATA[Request method:	PUT
Request URI:	https://restful-booker.herokuapp.com/booking/1
Proxy:			<none>
Request params:	<none>
Query params:	<none>
Form params:	<none>
Path params:	id=1
Headers:		Accept=application/json
				Content-Type=application/json
Cookies:		<none>
Multiparts:		<none>
Body:
{
    "firstname": "Test",
    "lastname": "User",
    "totalprice": 100,
    "depositpaid": true,
    "bookingdates": {
        "checkin": "2018-01-01",
        "checkout": "2019-01-01"
    },
    "additionalneeds": "None"
}
]]></system-out>
  </testcase>
  <testcase name="NT07_UpdateBooking_InvalidToken" classname="api.tests.NegativeTests" time="0.705">
    <system-out><![CDATA[Request method:	PUT
Request URI:	https://restful-booker.herokuapp.com/booking/1
Proxy:			<none>
Request params:	<none>
Query params:	<none>
Form params:	<none>
Path params:	id=1
Headers:		Accept=application/json
				Content-Type=application/json
Cookies:		token=THIS_IS_NOT_A_VALID_TOKEN
Multiparts:		<none>
Body:
{
    "firstname": "Test",
    "lastname": "User",
    "totalprice": 100,
    "depositpaid": true,
    "bookingdates": {
        "checkin": "2018-01-01",
        "checkout": "2019-01-01"
    },
    "additionalneeds": "None"
}
]]></system-out>
  </testcase>
  <testcase name="NT08_DeleteBooking_NoToken" classname="api.tests.NegativeTests" time="0.712">
    <system-out><![CDATA[Request method:	DELETE
Request URI:	https://restful-booker.herokuapp.com/booking/1
Proxy:			<none>
Request params:	<none>
Query params:	<none>
Form params:	<none>
Path params:	id=1
Headers:		Accept=application/json
				Content-Type=application/json
Cookies:		<none>
Multiparts:		<none>
Body:			<none>
]]></system-out>
  </testcase>
  <testcase name="NT09_GetBookings_NoMatchFilter" classname="api.tests.NegativeTests" time="0.723">
    <system-out><![CDATA[Request method:	GET
Request URI:	https://restful-booker.herokuapp.com/booking?firstname=ZZH999
Proxy:			<none>
Request params:	<none>
Query params:	firstname=ZZH999
Form params:	<none>
Path params:	<none>
Headers:		Accept=application/json
				Content-Type=application/json
Cookies:		<none>
Multiparts:		<none>
Body:			<none>
]]></system-out>
  </testcase>
</testsuite>