<?xml version="1.0" encoding="UTF-8"?>
<testsuite xmlns:xsi="http://www.w3.org/2001/XMLSchema-instance" xsi:noNamespaceSchemaLocation="https://maven.apache.org/surefire/maven-surefire-plugin/xsd/surefire-test-report-3.0.xsd" version="3.0" name="TestSuite" time="41.264" tests="17" errors="0" skipped="0" failures="1">
  <properties>
[...]
</properties>
  <testcase name="TC01_HealthCheck" classname="api.tests.PositiveTests" time="1.377">
    <system-out><![CDATA[Request method:	POST
Request URI:	https://restful-booker.herokuapp.com/auth
Proxy:			<none>
Request params:	<none>
Query params:	<none>
Form params:	<none>
Path params:	<none>
Headers:		Accept=application/json
				Content-Type=application/json
Cookies:		<none>
Multiparts:		<none>
Body:
{
    "username": "admin",
    "password": "password123"
}
HTTP/1.1 200 OK
Content-Length: 27
Content-Type: application/json; charset=utf-8
Date: Fri, 19 Jun 2026 16:02:29 GMT
Etag: W/"1b-D7YK4DQWl0lxlFdgnzPnNiRana0"
Nel: {"report_to":"heroku-nel","response_headers":["Via"],"max_age":3600,"success_fraction":0.01,"failure_fraction":0.1}
Report-To: {"group":"heroku-nel","endpoints":[{"url":"https://nel.heroku.com/reports?s=xq5az3EDBBg4DZ3VwvVb9IsW%2FJURHLEThoK0LLdZWLU%3D\u0026sid=c46efe9b-d3d2-4a0c-8c76-bfafa16c5add\u0026ts=1781884949"}],"max_age":3600}
Reporting-Endpoints: heroku-nel="https://nel.heroku.com/reports?s=xq5az3EDBBg4DZ3VwvVb9IsW%2FJURHLEThoK0LLdZWLU%3D&sid=c46efe9b-d3d2-4a0c-8c76-bfafa16c5add&ts=1781884949"
Server: Heroku
Via: 1.1 heroku-router
X-Powered-By: Express

{
    "token": "85a6ef45d9f2755"
}
Request method:	GET
Request URI:	https://restful-booker.herokuapp.com/ping
Proxy:			<none>
Request params:	<none>
Query params:	<none>
Form params:	<none>
Path params:	<none>
Headers:		Accept=application/json
				Content-Type=application/json
Cookies:		<none>
Multiparts:		<none>
Body:			<none>
HTTP/1.1 201 Created
Content-Length: 7
Content-Type: text/plain; charset=utf-8
Date: Fri, 19 Jun 2026 16:02:36 GMT
Etag: W/"7-rM9AyJuqT6iOan/xHh+AW+7K/T8"
Nel: {"report_to":"heroku-nel","response_headers":["Via"],"max_age":3600,"success_fraction":0.01,"failure_fraction":0.1}
Report-To: {"group":"heroku-nel","endpoints":[{"url":"https://nel.heroku.com/reports?s=w8juxrbCVu94XasHWoXzDmWp6eviZGl1O9HleruOwr8%3D\u0026sid=c46efe9b-d3d2-4a0c-8c76-bfafa16c5add\u0026ts=1781884956"}],"max_age":3600}
Reporting-Endpoints: heroku-nel="https://nel.heroku.com/reports?s=w8juxrbCVu94XasHWoXzDmWp6eviZGl1O9HleruOwr8%3D&sid=c46efe9b-d3d2-4a0c-8c76-bfafa16c5add&ts=1781884956"
Server: Heroku
Via: 1.1 heroku-router
X-Powered-By: Express

Created
]]></system-out>
    <system-err><![CDATA[SLF4J: Failed to load class "org.slf4j.impl.StaticLoggerBinder".
SLF4J: Defaulting to no-operation (NOP) logger implementation
SLF4J: See http://www.slf4j.org/codes.html#StaticLoggerBinder for further details.
]]></system-err>
  </testcase>
  <testcase name="TC02_CreateBooking" classname="api.tests.PositiveTests" time="2.729">
    <system-out><![CDATA[Request method:	POST
Request URI:	https://restful-booker.herokuapp.com/booking
Proxy:			<none>
Request params:	<none>
Query params:	<none>
Form params:	<none>
Path params:	<none>
Headers:		Accept=application/json
				Content-Type=application/json
Cookies:		<none>
Multiparts:		<none>
Body:
{
    "firstname": "Amgad",
    "lastname": "Atef",
    "totalprice": 1000,
    "depositpaid": true,
    "bookingdates": {
        "checkin": "2018-01-01",
        "checkout": "2019-01-01"
    },
    "additionalneeds": "Breakfast"
}
HTTP/1.1 200 OK
Content-Length: 198
Content-Type: application/json; charset=utf-8
Date: Fri, 19 Jun 2026 16:02:39 GMT
Etag: W/"c6-tAQznTjbiMlLF4eRyPrkdYv3Xf0"
Nel: {"report_to":"heroku-nel","response_headers":["Via"],"max_age":3600,"success_fraction":0.01,"failure_fraction":0.1}
Report-To: {"group":"heroku-nel","endpoints":[{"url":"https://nel.heroku.com/reports?s=BZIBY2aonbYcJAkscmLted%2FECClCJiFkvq4vZC28w%2Bg%3D\u0026sid=c46efe9b-d3d2-4a0c-8c76-bfafa16c5add\u0026ts=1781884959"}],"max_age":3600}
Reporting-Endpoints: heroku-nel="https://nel.heroku.com/reports?s=BZIBY2aonbYcJAkscmLted%2FECClCJiFkvq4vZC28w%2Bg%3D&sid=c46efe9b-d3d2-4a0c-8c76-bfafa16c5add&ts=1781884959"
Server: Heroku
Via: 1.1 heroku-router
X-Powered-By: Express

{
    "bookingid": 512,
    "booking": {
        "firstname": "Amgad",
        "lastname": "Atef",
        "totalprice": 1000,
        "depositpaid": true,
        "bookingdates": {
            "checkin": "2018-01-01",
            "checkout": "2019-01-01"
        },
        "additionalneeds": "Breakfast"
    }
}
]]></system-out>
  </testcase>
  <testcase name="TC03_GetAllBookingIds" classname="api.tests.PositiveTests" time="0.962">
    <system-out><![CDATA[Request method:	GET
Request URI:	https://restful-booker.herokuapp.com/booking
Proxy:			<none>
Request params:	<none>
Query params:	<none>
Form params:	<none>
Path params:	<none>
Headers:		Accept=application/json
				Content-Type=application/json
Cookies:		<none>
Multiparts:		<none>
Body:			<none>
HTTP/1.1 200 OK
Content-Length: 6788
Content-Type: application/json; charset=utf-8
Date: Fri, 19 Jun 2026 16:02:39 GMT
Etag: W/"1a84-wkvQADHPTrAeGhKT6xFxn5Is8p4"
Nel: {"report_to":"heroku-nel","response_headers":["Via"],"max_age":3600,"success_fraction":0.01,"failure_fraction":0.1}
Report-To: {"group":"heroku-nel","endpoints":[{"url":"https://nel.heroku.com/reports?s=BZIBY2aonbYcJAkscmLted%2FECClCJiFkvq4vZC28w%2Bg%3D\u0026sid=c46efe9b-d3d2-4a0c-8c76-bfafa16c5add\u0026ts=1781884959"}],"max_age":3600}
Reporting-Endpoints: heroku-nel="https://nel.heroku.com/reports?s=BZIBY2aonbYcJAkscmLted%2FECClCJiFkvq4vZC28w%2Bg%3D&sid=c46efe9b-d3d2-4a0c-8c76-bfafa16c5add&ts=1781884959"
Server: Heroku
Via: 1.1 heroku-router
X-Powered-By: Express

[
    {
        "bookingid": 1
    },
    {
        "bookingid": 3
    },
    {
        "bookingid": 4
    },
    {
        "bookingid": 5
    },
    {
        "bookingid": 6
    },
    {
        "bookingid": 7
    },
    {
        "bookingid": 8
    },
    {
        "bookingid": 9
    },
    {
        "bookingid": 10
    },
    {
        "bookingid": 11
    },
    {
        "bookingid": 12
    },
    {
        "bookingid": 13
    },
    {
        "bookingid": 14
    },
    {
        "bookingid": 15
    },
    {
        "bookingid": 16
    },
    {
        "bookingid": 18
    },
    {
        "bookingid": 20
    },
    {
        "bookingid": 21
    },
    {
        "bookingid": 22
    },
    {
        "bookingid": 23
    },
    {
        "bookingid": 24
    },
    {
        "bookingid": 25
    },
    {
        "bookingid": 26
    },
    {
        "bookingid": 27
    },
    {
        "bookingid": 29
    },
    {
        "bookingid": 30
    },
    {
        "bookingid": 31
    },
    {
        "bookingid": 32
    },
    {
        "bookingid": 33
    },
    {
        "bookingid": 34
    },
    {
        "bookingid": 35
    },
    {
        "bookingid": 37
    },
    {
        "bookingid": 38
    },
    {
        "bookingid": 39
    },
    {
        "bookingid": 40
    },
    {
        "bookingid": 41
    },
    {
        "bookingid": 42
    },
    {
        "bookingid": 43
    },
    {
        "bookingid": 44
    },
    {
        "bookingid": 46
    },
    {
        "bookingid": 47
    },
    {
        "bookingid": 48
    },
    {
        "bookingid": 49
    },
    {
        "bookingid": 50
    },
    {
        "bookingid": 51
    },
    {
        "bookingid": 52
    },
    {
        "bookingid": 53
    },
    {
        "bookingid": 54
    },
    {
        "bookingid": 55
    },
    {
        "bookingid": 57
    },
    {
        "bookingid": 59
    },
    {
        "bookingid": 60
    },
    {
        "bookingid": 61
    },
    {
        "bookingid": 62
    },
    {
        "bookingid": 63
    },
    {
        "bookingid": 64
    },
    {
        "bookingid": 65
    },
    {
        "bookingid": 66
    },
    {
        "bookingid": 67
    },
    {
        "bookingid": 69
    },
    {
        "bookingid": 70
    },
    {
        "bookingid": 71
    },
    {
        "bookingid": 72
    },
    {
        "bookingid": 74
    },
    {
        "bookingid": 75
    },
    {
        "bookingid": 76
    },
    {
        "bookingid": 78
    },
    {
        "bookingid": 80
    },
    {
        "bookingid": 81
    },
    {
        "bookingid": 83
    },
    {
        "bookingid": 84
    },
    {
        "bookingid": 86
    },
    {
        "bookingid": 87
    },
    {
        "bookingid": 89
    },
    {
        "bookingid": 90
    },
    {
        "bookingid": 92
    },
    {
        "bookingid": 93
    },
    {
        "bookingid": 95
    },
    {
        "bookingid": 96
    },
    {
        "bookingid": 97
    },
    {
        "bookingid": 99
    },
    {
        "bookingid": 101
    },
    {
        "bookingid": 102
    },
    {
        "bookingid": 103
    },
    {
        "bookingid": 104
    },
    {
        "bookingid": 106
    },
    {
        "bookingid": 107
    },
    {
        "bookingid": 109
    },
    {
        "bookingid": 110
    },
    {
        "bookingid": 112
    },
    {
        "bookingid": 113
    },
    {
        "bookingid": 114
    },
    {
        "bookingid": 115
    },
    {
        "bookingid": 116
    },
    {
        "bookingid": 119
    },
    {
        "bookingid": 120
    },
    {
        "bookingid": 121
    },
    {
        "bookingid": 122
    },
    {
        "bookingid": 124
    },
    {
        "bookingid": 126
    },
    {
        "bookingid": 127
    },
    {
        "bookingid": 129
    },
    {
        "bookingid": 130
    },
    {
        "bookingid": 131
    },
    {
        "bookingid": 133
    },
    {
        "bookingid": 136
    },
    {
        "bookingid": 137
    },
    {
        "bookingid": 138
    },
    {
        "bookingid": 139
    },
    {
        "bookingid": 140
    },
    {
        "bookingid": 141
    },
    {
        "bookingid": 142
    },
    {
        "bookingid": 143
    },
    {
        "bookingid": 144
    },
    {
        "bookingid": 145
    },
    {
        "bookingid": 146
    },
    {
        "bookingid": 147
    },
    {
        "bookingid": 148
    },
    {
        "bookingid": 149
    },
    {
        "bookingid": 150
    },
    {
        "bookingid": 151
    },
    {
        "bookingid": 154
    },
    {
        "bookingid": 155
    },
    {
        "bookingid": 156
    },
    {
        "bookingid": 157
    },
    {
        "bookingid": 160
    },
    {
        "bookingid": 161
    },
    {
        "bookingid": 162
    },
    {
        "bookingid": 164
    },
    {
        "bookingid": 165
    },
    {
        "bookingid": 166
    },
    {
        "bookingid": 167
    },
    {
        "bookingid": 168
    },
    {
        "bookingid": 171
    },
    {
        "bookingid": 172
    },
    {
        "bookingid": 173
    },
    {
        "bookingid": 175
    },
    {
        "bookingid": 176
    },
    {
        "bookingid": 179
    },
    {
        "bookingid": 180
    },
    {
        "bookingid": 181
    },
    {
        "bookingid": 182
    },
    {
        "bookingid": 185
    },
    {
        "bookingid": 186
    },
    {
        "bookingid": 187
    },
    {
        "bookingid": 188
    },
    {
        "bookingid": 191
    },
    {
        "bookingid": 192
    },
    {
        "bookingid": 194
    },
    {
        "bookingid": 195
    },
    {
        "bookingid": 197
    },
    {
        "bookingid": 198
    },
    {
        "bookingid": 199
    },
    {
        "bookingid": 200
    },
    {
        "bookingid": 201
    },
    {
        "bookingid": 202
    },
    {
        "bookingid": 206
    },
    {
        "bookingid": 207
    },
    {
        "bookingid": 208
    },
    {
        "bookingid": 209
    },
    {
        "bookingid": 211
    },
    {
        "bookingid": 212
    },
    {
        "bookingid": 213
    },
    {
        "bookingid": 214
    },
    {
        "bookingid": 215
    },
    {
        "bookingid": 218
    },
    {
        "bookingid": 219
    },
    {
        "bookingid": 220
    },
    {
        "bookingid": 221
    },
    {
        "bookingid": 224
    },
    {
        "bookingid": 225
    },
    {
        "bookingid": 227
    },
    {
        "bookingid": 228
    },
    {
        "bookingid": 229
    },
    {
        "bookingid": 230
    },
    {
        "bookingid": 233
    },
    {
        "bookingid": 234
    },
    {
        "bookingid": 236
    },
    {
        "bookingid": 237
    },
    {
        "bookingid": 239
    },
    {
        "bookingid": 240
    },
    {
        "bookingid": 241
    },
    {
        "bookingid": 242
    },
    {
        "bookingid": 245
    },
    {
        "bookingid": 246
    },
    {
        "bookingid": 247
    },
    {
        "bookingid": 248
    },
    {
        "bookingid": 251
    },
    {
        "bookingid": 252
    },
    {
        "bookingid": 253
    },
    {
        "bookingid": 254
    },
    {
        "bookingid": 255
    },
    {
        "bookingid": 257
    },
    {
        "bookingid": 259
    },
    {
        "bookingid": 261
    },
    {
        "bookingid": 262
    },
    {
        "bookingid": 263
    },
    {
        "bookingid": 264
    },
    {
        "bookingid": 265
    },
    {
        "bookingid": 267
    },
    {
        "bookingid": 269
    },
    {
        "bookingid": 270
    },
    {
        "bookingid": 271
    },
    {
        "bookingid": 272
    },
    {
        "bookingid": 273
    },
    {
        "bookingid": 276
    },
    {
        "bookingid": 277
    },
    {
        "bookingid": 278
    },
    {
        "bookingid": 280
    },
    {
        "bookingid": 284
    },
    {
        "bookingid": 285
    },
    {
        "bookingid": 287
    },
    {
        "bookingid": 288
    },
    {
        "bookingid": 289
    },
    {
        "bookingid": 290
    },
    {
        "bookingid": 291
    },
    {
        "bookingid": 292
    },
    {
        "bookingid": 293
    },
    {
        "bookingid": 297
    },
    {
        "bookingid": 298
    },
    {
        "bookingid": 299
    },
    {
        "bookingid": 301
    },
    {
        "bookingid": 302
    },
    {
        "bookingid": 303
    },
    {
        "bookingid": 304
    },
    {
        "bookingid": 305
    },
    {
        "bookingid": 306
    },
    {
        "bookingid": 307
    },
    {
        "bookingid": 310
    },
    {
        "bookingid": 311
    },
    {
        "bookingid": 312
    },
    {
        "bookingid": 313
    },
    {
        "bookingid": 314
    },
    {
        "bookingid": 316
    },
    {
        "bookingid": 318
    },
    {
        "bookingid": 319
    },
    {
        "bookingid": 320
    },
    {
        "bookingid": 322
    },
    {
        "bookingid": 323
    },
    {
        "bookingid": 324
    },
    {
        "bookingid": 326
    },
    {
        "bookingid": 327
    },
    {
        "bookingid": 328
    },
    {
        "bookingid": 329
    },
    {
        "bookingid": 332
    },
    {
        "bookingid": 333
    },
    {
        "bookingid": 334
    },
    {
        "bookingid": 335
    },
    {
        "bookingid": 337
    },
    {
        "bookingid": 338
    },
    {
        "bookingid": 340
    },
    {
        "bookingid": 342
    },
    {
        "bookingid": 343
    },
    {
        "bookingid": 344
    },
    {
        "bookingid": 346
    },
    {
        "bookingid": 347
    },
    {
        "bookingid": 349
    },
    {
        "bookingid": 350
    },
    {
        "bookingid": 351
    },
    {
        "bookingid": 352
    },
    {
        "bookingid": 354
    },
    {
        "bookingid": 356
    },
    {
        "bookingid": 358
    },
    {
        "bookingid": 359
    },
    {
        "bookingid": 361
    },
    {
        "bookingid": 362
    },
    {
        "bookingid": 364
    },
    {
        "bookingid": 365
    },
    {
        "bookingid": 366
    },
    {
        "bookingid": 368
    },
    {
        "bookingid": 369
    },
    {
        "bookingid": 371
    },
    {
        "bookingid": 373
    },
    {
        "bookingid": 374
    },
    {
        "bookingid": 376
    },
    {
        "bookingid": 377
    },
    {
        "bookingid": 379
    },
    {
        "bookingid": 380
    },
    {
        "bookingid": 381
    },
    {
        "bookingid": 382
    },
    {
        "bookingid": 383
    },
    {
        "bookingid": 385
    },
    {
        "bookingid": 388
    },
    {
        "bookingid": 389
    },
    {
        "bookingid": 391
    },
    {
        "bookingid": 392
    },
    {
        "bookingid": 393
    },
    {
        "bookingid": 394
    },
    {
        "bookingid": 395
    },
    {
        "bookingid": 396
    },
    {
        "bookingid": 397
    },
    {
        "bookingid": 398
    },
    {
        "bookingid": 400
    },
    {
        "bookingid": 401
    },
    {
        "bookingid": 402
    },
    {
        "bookingid": 403
    },
    {
        "bookingid": 404
    },
    {
        "bookingid": 405
    },
    {
        "bookingid": 406
    },
    {
        "bookingid": 407
    },
    {
        "bookingid": 408
    },
    {
        "bookingid": 409
    },
    {
        "bookingid": 411
    },
    {
        "bookingid": 412
    },
    {
        "bookingid": 413
    },
    {
        "bookingid": 414
    },
    {
        "bookingid": 415
    },
    {
        "bookingid": 416
    },
    {
        "bookingid": 417
    },
    {
        "bookingid": 418
    },
    {
        "bookingid": 419
    },
    {
        "bookingid": 420
    },
    {
        "bookingid": 423
    },
    {
        "bookingid": 424
    },
    {
        "bookingid": 425
    },
    {
        "bookingid": 428
    },
    {
        "bookingid": 430
    },
    {
        "bookingid": 431
    },
    {
        "bookingid": 433
    },
    {
        "bookingid": 435
    },
    {
        "bookingid": 436
    },
    {
        "bookingid": 438
    },
    {
        "bookingid": 439
    },
    {
        "bookingid": 440
    },
    {
        "bookingid": 441
    },
    {
        "bookingid": 443
    },
    {
        "bookingid": 444
    },
    {
        "bookingid": 445
    },
    {
        "bookingid": 447
    },
    {
        "bookingid": 449
    },
    {
        "bookingid": 450
    },
    {
        "bookingid": 451
    },
    {
        "bookingid": 453
    },
    {
        "bookingid": 454
    },
    {
        "bookingid": 455
    },
    {
        "bookingid": 457
    },
    {
        "bookingid": 458
    },
    {
        "bookingid": 459
    },
    {
        "bookingid": 460
    },
    {
        "bookingid": 462
    },
    {
        "bookingid": 464
    },
    {
        "bookingid": 466
    },
    {
        "bookingid": 467
    },
    {
        "bookingid": 469
    },
    {
        "bookingid": 470
    },
    {
        "bookingid": 472
    },
    {
        "bookingid": 473
    },
    {
        "bookingid": 474
    },
    {
        "bookingid": 475
    },
    {
        "bookingid": 477
    },
    {
        "bookingid": 479
    },
    {
        "bookingid": 480
    },
    {
        "bookingid": 481
    },
    {
        "bookingid": 482
    },
    {
        "bookingid": 483
    },
    {
        "bookingid": 486
    },
    {
        "bookingid": 487
    },
    {
        "bookingid": 488
    },
    {
        "bookingid": 490
    },
    {
        "bookingid": 491
    },
    {
        "bookingid": 492
    },
    {
        "bookingid": 494
    },
    {
        "bookingid": 495
    },
    {
        "bookingid": 496
    },
    {
        "bookingid": 497
    },
    {
        "bookingid": 499
    },
    {
        "bookingid": 502
    },
    {
        "bookingid": 503
    },
    {
        "bookingid": 504
    },
    {
        "bookingid": 506
    },
    {
        "bookingid": 507
    },
    {
        "bookingid": 508
    },
    {
        "bookingid": 509
    },
    {
        "bookingid": 510
    },
    {
        "bookingid": 512
    },
    {
        "bookingid": 513
    },
    {
        "bookingid": 515
    },
    {
        "bookingid": 516
    },
    {
        "bookingid": 517
    },
    {
        "bookingid": 518
    },
    {
        "bookingid": 519
    },
    {
        "bookingid": 520
    }
]
]]></system-out>
  </testcase>
  <testcase name="TC04_GetBookingById" classname="api.tests.PositiveTests" time="1.024">
    <system-out><![CDATA[Request method:	GET
Request URI:	https://restful-booker.herokuapp.com/booking/512
Proxy:			<none>
Request params:	<none>
Query params:	<none>
Form params:	<none>
Path params:	id=512
Headers:		Accept=application/json
				Content-Type=application/json
Cookies:		<none>
Multiparts:		<none>
Body:			<none>
HTTP/1.1 200 OK
Content-Length: 170
Content-Type: application/json; charset=utf-8
Date: Fri, 19 Jun 2026 16:02:40 GMT
Etag: W/"aa-/5bZnHR3x8mekajbP7r5WWZIkF8"
Nel: {"report_to":"heroku-nel","response_headers":["Via"],"max_age":3600,"success_fraction":0.01,"failure_fraction":0.1}
Report-To: {"group":"heroku-nel","endpoints":[{"url":"https://nel.heroku.com/reports?s=jvq7Ynx80dsAsUbu4PJlj7H9WpdOzMzDAtsgP86%2F5jI%3D\u0026sid=c46efe9b-d3d2-4a0c-8c76-bfafa16c5add\u0026ts=1781884960"}],"max_age":3600}
Reporting-Endpoints: heroku-nel="https://nel.heroku.com/reports?s=jvq7Ynx80dsAsUbu4PJlj7H9WpdOzMzDAtsgP86%2F5jI%3D&sid=c46efe9b-d3d2-4a0c-8c76-bfafa16c5add&ts=1781884960"
Server: Heroku
Via: 1.1 heroku-router
X-Powered-By: Express

{
    "firstname": "Amgad",
    "lastname": "Atef",
    "totalprice": 1000,
    "depositpaid": true,
    "bookingdates": {
        "checkin": "2018-01-01",
        "checkout": "2019-01-01"
    },
    "additionalneeds": "Breakfast"
}
]]></system-out>
  </testcase>
  <testcase name="TC05_UpdateBooking" classname="api.tests.PositiveTests" time="0.978">
    <system-out><![CDATA[Request method:	PUT
Request URI:	https://restful-booker.herokuapp.com/booking/512
Proxy:			<none>
Request params:	<none>
Query params:	<none>
Form params:	<none>
Path params:	id=512
Headers:		Accept=application/json
				Content-Type=application/json
Cookies:		token=85a6ef45d9f2755
Multiparts:		<none>
Body:
{
    "firstname": "James",
    "lastname": "Smith",
    "totalprice": 1000,
    "depositpaid": true,
    "bookingdates": {
        "checkin": "2018-01-01",
        "checkout": "2019-01-01"
    },
    "additionalneeds": "Breakfast"
}
HTTP/1.1 200 OK
Content-Length: 171
Content-Type: application/json; charset=utf-8
Date: Fri, 19 Jun 2026 16:02:41 GMT
Etag: W/"ab-Dg1xDAjanIxfrd7quuRQo1/xuYE"
Nel: {"report_to":"heroku-nel","response_headers":["Via"],"max_age":3600,"success_fraction":0.01,"failure_fraction":0.1}
Report-To: {"group":"heroku-nel","endpoints":[{"url":"https://nel.heroku.com/reports?s=vwF94aDVlJzhABZG%2BMacExhKIIevFbqj3ZA0YoYCP7U%3D\u0026sid=c46efe9b-d3d2-4a0c-8c76-bfafa16c5add\u0026ts=1781884961"}],"max_age":3600}
Reporting-Endpoints: heroku-nel="https://nel.heroku.com/reports?s=vwF94aDVlJzhABZG%2BMacExhKIIevFbqj3ZA0YoYCP7U%3D&sid=c46efe9b-d3d2-4a0c-8c76-bfafa16c5add&ts=1781884961"
Server: Heroku
Via: 1.1 heroku-router
X-Powered-By: Express

{
    "firstname": "James",
    "lastname": "Smith",
    "totalprice": 1000,
    "depositpaid": true,
    "bookingdates": {
        "checkin": "2018-01-01",
        "checkout": "2019-01-01"
    },
    "additionalneeds": "Breakfast"
}
]]></system-out>
  </testcase>
  <testcase name="TC06_PartialUpdateBooking" classname="api.tests.PositiveTests" time="1.067">
    <system-out><![CDATA[Request method:	PATCH
Request URI:	https://restful-booker.herokuapp.com/booking/512
Proxy:			<none>
Request params:	<none>
Query params:	<none>
Form params:	<none>
Path params:	id=512
Headers:		Accept=application/json
				Content-Type=application/json
Cookies:		token=85a6ef45d9f2755
Multiparts:		<none>
Body:
{
    "firstname": "Ahmed",
    "totalprice": 500
}
HTTP/1.1 200 OK
Content-Length: 170
Content-Type: application/json; charset=utf-8
Date: Fri, 19 Jun 2026 16:02:43 GMT
Etag: W/"aa-VBBMIi6Kh6awBboqje/yDzakWZA"
Nel: {"report_to":"heroku-nel","response_headers":["Via"],"max_age":3600,"success_fraction":0.01,"failure_fraction":0.1}
Report-To: {"group":"heroku-nel","endpoints":[{"url":"https://nel.heroku.com/reports?s=nlOx7DeZ20i39EtGvnvGA9XupNEaYmGudv4AvcjSJ6U%3D\u0026sid=c46efe9b-d3d2-4a0c-8c76-bfafa16c5add\u0026ts=1781884963"}],"max_age":3600}
Reporting-Endpoints: heroku-nel="https://nel.heroku.com/reports?s=nlOx7DeZ20i39EtGvnvGA9XupNEaYmGudv4AvcjSJ6U%3D&sid=c46efe9b-d3d2-4a0c-8c76-bfafa16c5add&ts=1781884963"
Server: Heroku
Via: 1.1 heroku-router
X-Powered-By: Express

{
    "firstname": "Ahmed",
    "lastname": "Smith",
    "totalprice": 500,
    "depositpaid": true,
    "bookingdates": {
        "checkin": "2018-01-01",
        "checkout": "2019-01-01"
    },
    "additionalneeds": "Breakfast"
}
]]></system-out>
  </testcase>
  <testcase name="TC07_DeleteBooking" classname="api.tests.PositiveTests" time="0.79">
    <system-out><![CDATA[Request method:	DELETE
Request URI:	https://restful-booker.herokuapp.com/booking/512
Proxy:			<none>
Request params:	<none>
Query params:	<none>
Form params:	<none>
Path params:	id=512
Headers:		Accept=application/json
				Content-Type=application/json
Cookies:		token=85a6ef45d9f2755
Multiparts:		<none>
Body:			<none>
HTTP/1.1 201 Created
Content-Length: 7
Content-Type: text/plain; charset=utf-8
Date: Fri, 19 Jun 2026 16:02:43 GMT
Etag: W/"7-rM9AyJuqT6iOan/xHh+AW+7K/T8"
Nel: {"report_to":"heroku-nel","response_headers":["Via"],"max_age":3600,"success_fraction":0.01,"failure_fraction":0.1}
Report-To: {"group":"heroku-nel","endpoints":[{"url":"https://nel.heroku.com/reports?s=nlOx7DeZ20i39EtGvnvGA9XupNEaYmGudv4AvcjSJ6U%3D\u0026sid=c46efe9b-d3d2-4a0c-8c76-bfafa16c5add\u0026ts=1781884963"}],"max_age":3600}
Reporting-Endpoints: heroku-nel="https://nel.heroku.com/reports?s=nlOx7DeZ20i39EtGvnvGA9XupNEaYmGudv4AvcjSJ6U%3D&sid=c46efe9b-d3d2-4a0c-8c76-bfafa16c5add&ts=1781884963"
Server: Heroku
Via: 1.1 heroku-router
X-Powered-By: Express

Created
]]></system-out>
  </testcase>
  <testcase name="TC08_VerifyBookingDeleted" classname="api.tests.PositiveTests" time="0.737">
    <system-out><![CDATA[Request method:	GET
Request URI:	https://restful-booker.herokuapp.com/booking/512
Proxy:			<none>
Request params:	<none>
Query params:	<none>
Form params:	<none>
Path params:	id=512
Headers:		Accept=application/json
				Content-Type=application/json
Cookies:		<none>
Multiparts:		<none>
Body:			<none>
HTTP/1.1 404 Not Found
Content-Length: 9
Content-Type: text/plain; charset=utf-8
Date: Fri, 19 Jun 2026 16:02:44 GMT
Etag: W/"9-0gXL1ngzMqISxa6S1zx3F4wtLyg"
Nel: {"report_to":"heroku-nel","response_headers":["Via"],"max_age":3600,"success_fraction":0.01,"failure_fraction":0.1}
Report-To: {"group":"heroku-nel","endpoints":[{"url":"https://nel.heroku.com/reports?s=nxhH42FlzDpPYVFCGhX1e2t7Yyziu3aEXgwyvffM8N8%3D\u0026sid=c46efe9b-d3d2-4a0c-8c76-bfafa16c5add\u0026ts=1781884964"}],"max_age":3600}
Reporting-Endpoints: heroku-nel="https://nel.heroku.com/reports?s=nxhH42FlzDpPYVFCGhX1e2t7Yyziu3aEXgwyvffM8N8%3D&sid=c46efe9b-d3d2-4a0c-8c76-bfafa16c5add&ts=1781884964"
Server: Heroku
Via: 1.1 heroku-router
X-Powered-By: Express

Not Found
]]></system-out>
  </testcase>
  <testcase name="NT01_CreateToken_WrongCredentials" classname="api.tests.NegativeTests" time="0.784">
    <system-out><![CDATA[Request method:	POST
Request URI:	https://restful-booker.herokuapp.com/auth
Proxy:			<none>
Request params:	<none>
Query params:	<none>
Form params:	<none>
Path params:	<none>
Headers:		Accept=application/json
				Content-Type=application/json
Cookies:		<none>
Multiparts:		<none>
Body:
{
    "username": "amgad",
    "password": "13123124"
}
HTTP/1.1 200 OK
Content-Length: 28
Content-Type: application/json; charset=utf-8
Date: Fri, 19 Jun 2026 16:02:45 GMT
Etag: W/"1c-J3EiwfZwVQjKTKvpvazUfTni8fI"
Nel: {"report_to":"heroku-nel","response_headers":["Via"],"max_age":3600,"success_fraction":0.01,"failure_fraction":0.1}
Report-To: {"group":"heroku-nel","endpoints":[{"url":"https://nel.heroku.com/reports?s=Vx8aUJ0GkyoBccWvIoFEmbtU4coyx7tOSrFy6dGy2WQ%3D\u0026sid=c46efe9b-d3d2-4a0c-8c76-bfafa16c5add\u0026ts=1781884965"}],"max_age":3600}
Reporting-Endpoints: heroku-nel="https://nel.heroku.com/reports?s=Vx8aUJ0GkyoBccWvIoFEmbtU4coyx7tOSrFy6dGy2WQ%3D&sid=c46efe9b-d3d2-4a0c-8c76-bfafa16c5add&ts=1781884965"
Server: Heroku
Via: 1.1 heroku-router
X-Powered-By: Express

{
    "reason": "Bad credentials"
}
]]></system-out>
  </testcase>
  <testcase name="NT02_CreateToken_EmptyCredentials" classname="api.tests.NegativeTests" time="0.796">
    <system-out><![CDATA[Request method:	POST
Request URI:	https://restful-booker.herokuapp.com/auth
Proxy:			<none>
Request params:	<none>
Query params:	<none>
Form params:	<none>
Path params:	<none>
Headers:		Accept=application/json
				Content-Type=application/json
Cookies:		<none>
Multiparts:		<none>
Body:
{
    "username": "",
    "password": ""
}
HTTP/1.1 200 OK
Content-Length: 28
Content-Type: application/json; charset=utf-8
Date: Fri, 19 Jun 2026 16:02:46 GMT
Etag: W/"1c-J3EiwfZwVQjKTKvpvazUfTni8fI"
Nel: {"report_to":"heroku-nel","response_headers":["Via"],"max_age":3600,"success_fraction":0.01,"failure_fraction":0.1}
Report-To: {"group":"heroku-nel","endpoints":[{"url":"https://nel.heroku.com/reports?s=QVbMuHS3hmX1Meo%2FrocGwXe4Zmv8XNaA9%2Bm5eFaYVN8%3D\u0026sid=c46efe9b-d3d2-4a0c-8c76-bfafa16c5add\u0026ts=1781884966"}],"max_age":3600}
Reporting-Endpoints: heroku-nel="https://nel.heroku.com/reports?s=QVbMuHS3hmX1Meo%2FrocGwXe4Zmv8XNaA9%2Bm5eFaYVN8%3D&sid=c46efe9b-d3d2-4a0c-8c76-bfafa16c5add&ts=1781884966"
Server: Heroku
Via: 1.1 heroku-router
X-Powered-By: Express

{
    "reason": "Bad credentials"
}
]]></system-out>
  </testcase>
  <testcase name="NT03_CreateBooking_MissingFields" classname="api.tests.NegativeTests" time="0.763">
    <system-out><![CDATA[Request method:	POST
Request URI:	https://restful-booker.herokuapp.com/booking
Proxy:			<none>
Request params:	<none>
Query params:	<none>
Form params:	<none>
Path params:	<none>
Headers:		Accept=application/json
				Content-Type=application/json
Cookies:		<none>
Multiparts:		<none>
Body:
{
    "totalprice": 100,
    "depositpaid": true
}
]]></system-out>
  </testcase>
  <testcase name="NT04_CreateBooking_InvalidDateFormat" classname="api.tests.NegativeTests" time="0.828">
    <failure message="Invalid date format should not result in a successful booking did not expect [200] but found [200]" type="java.lang.AssertionError"><![CDATA[java.lang.AssertionError: Invalid date format should not result in a successful booking did not expect [200] but found [200]
	at org.testng.Assert.fail(Assert.java:111)
	at org.testng.Assert.failEquals(Assert.java:1582)
	at org.testng.Assert.assertNotEqualsImpl(Assert.java:157)
	at org.testng.Assert.assertNotEquals(Assert.java:2201)
	at api.tests.NegativeTests.NT04_CreateBooking_InvalidDateFormat(NegativeTests.java:86)
	at java.base/jdk.internal.reflect.DirectMethodHandleAccessor.invoke(DirectMethodHandleAccessor.java:103)
	at java.base/java.lang.reflect.Method.invoke(Method.java:580)
	at org.testng.internal.invokers.MethodInvocationHelper.invokeMethod(MethodInvocationHelper.java:139)
	at org.testng.internal.invokers.TestInvoker.invokeMethod(TestInvoker.java:664)
	at org.testng.internal.invokers.TestInvoker.invokeTestMethod(TestInvoker.java:228)
	at org.testng.internal.invokers.MethodRunner.runInSequence(MethodRunner.java:63)
	at org.testng.internal.invokers.TestInvoker$MethodInvocationAgent.invoke(TestInvoker.java:961)
	at org.testng.internal.invokers.TestInvoker.invokeTestMethods(TestInvoker.java:201)
	at org.testng.internal.invokers.TestMethodWorker.invokeTestMethods(TestMethodWorker.java:148)
	at org.testng.internal.invokers.TestMethodWorker.run(TestMethodWorker.java:128)
	at java.base/java.util.ArrayList.forEach(ArrayList.java:1597)
	at org.testng.TestRunner.privateRun(TestRunner.java:819)
	at org.testng.TestRunner.run(TestRunner.java:619)
	at org.testng.SuiteRunner.runTest(SuiteRunner.java:443)
	at org.testng.SuiteRunner.runSequentially(SuiteRunner.java:437)
	at org.testng.SuiteRunner.privateRun(SuiteRunner.java:397)
	at org.testng.SuiteRunner.run(SuiteRunner.java:336)
	at org.testng.SuiteRunnerWorker.runSuite(SuiteRunnerWorker.java:52)
	at org.testng.SuiteRunnerWorker.run(SuiteRunnerWorker.java:95)
	at org.testng.TestNG.runSuitesSequentially(TestNG.java:1301)
	at org.testng.TestNG.runSuitesLocally(TestNG.java:1228)
	at org.testng.TestNG.runSuites(TestNG.java:1134)
	at org.testng.TestNG.run(TestNG.java:1101)
	at org.apache.maven.surefire.testng.TestNGExecutor.run(TestNGExecutor.java:308)
	at org.apache.maven.surefire.testng.TestNGXmlTestSuite.execute(TestNGXmlTestSuite.java:71)
	at org.apache.maven.surefire.testng.TestNGProvider.invoke(TestNGProvider.java:113)
	at org.apache.maven.surefire.booter.ForkedBooter.runSuitesInProcess(ForkedBooter.java:385)
	at org.apache.maven.surefire.booter.ForkedBooter.execute(ForkedBooter.java:162)
	at org.apache.maven.surefire.booter.ForkedBooter.run(ForkedBooter.java:507)
	at org.apache.maven.surefire.booter.ForkedBooter.main(ForkedBooter.java:495)
]]></failure>
    <system-out><![CDATA[Request method:	POST
Request URI:	https://restful-booker.herokuapp.com/booking
Proxy:			<none>
Request params:	<none>
Query params:	<none>
Form params:	<none>
Path params:	<none>
Headers:		Accept=application/json
				Content-Type=application/json
Cookies:		<none>
Multiparts:		<none>
Body:
{
    "firstname": "Test",
    "lastname": "User",
    "totalprice": 100,
    "depositpaid": true,
    "bookingdates": {
        "checkin": "look at me",
        "checkout": "hey wo wo wo"
    },
    "additionalneeds": "None"
}
HTTP/1.1 200 OK
Content-Length: 191
Content-Type: application/json; charset=utf-8
Date: Fri, 19 Jun 2026 16:02:47 GMT
Etag: W/"bf-QQbvXQVVf117eJpin01ck9QDvsg"
Nel: {"report_to":"heroku-nel","response_headers":["Via"],"max_age":3600,"success_fraction":0.01,"failure_fraction":0.1}
Report-To: {"group":"heroku-nel","endpoints":[{"url":"https://nel.heroku.com/reports?s=0DPb11XilD7tZ9%2B3PmRwfs2oqB5CPzRD0crmbgAcl7I%3D\u0026sid=c46efe9b-d3d2-4a0c-8c76-bfafa16c5add\u0026ts=1781884967"}],"max_age":3600}
Reporting-Endpoints: heroku-nel="https://nel.heroku.com/reports?s=0DPb11XilD7tZ9%2B3PmRwfs2oqB5CPzRD0crmbgAcl7I%3D&sid=c46efe9b-d3d2-4a0c-8c76-bfafa16c5add&ts=1781884967"
Server: Heroku
Via: 1.1 heroku-router
X-Powered-By: Express

{
    "bookingid": 583,
    "booking": {
        "firstname": "Test",
        "lastname": "User",
        "totalprice": 100,
        "depositpaid": true,
        "bookingdates": {
            "checkin": "0NaN-aN-aN",
            "checkout": "0NaN-aN-aN"
        },
        "additionalneeds": "None"
    }
}
]]></system-out>
  </testcase>
  <testcase name="NT05_GetBooking_NotFound" classname="api.tests.NegativeTests" time="0.795">
    <system-out><![CDATA[Request method:	GET
Request URI:	https://restful-booker.herokuapp.com/booking/999999999
Proxy:			<none>
Request params:	<none>
Query params:	<none>
Form params:	<none>
Path params:	id=999999999
Headers:		Accept=application/json
				Content-Type=application/json
Cookies:		<none>
Multiparts:		<none>
Body:			<none>
HTTP/1.1 404 Not Found
Content-Length: 9
Content-Type: text/plain; charset=utf-8
Date: Fri, 19 Jun 2026 16:02:48 GMT
Etag: W/"9-0gXL1ngzMqISxa6S1zx3F4wtLyg"
Nel: {"report_to":"heroku-nel","response_headers":["Via"],"max_age":3600,"success_fraction":0.01,"failure_fraction":0.1}
Report-To: {"group":"heroku-nel","endpoints":[{"url":"https://nel.heroku.com/reports?s=88t1hoZ6fnDynTktJJwVHkFcZEX%2Bli2oIwFmyTEwPyY%3D\u0026sid=c46efe9b-d3d2-4a0c-8c76-bfafa16c5add\u0026ts=1781884968"}],"max_age":3600}
Reporting-Endpoints: heroku-nel="https://nel.heroku.com/reports?s=88t1hoZ6fnDynTktJJwVHkFcZEX%2Bli2oIwFmyTEwPyY%3D&sid=c46efe9b-d3d2-4a0c-8c76-bfafa16c5add&ts=1781884968"
Server: Heroku
Via: 1.1 heroku-router
X-Powered-By: Express

Not Found
]]></system-out>
  </testcase>
  <testcase name="NT06_UpdateBooking_NoToken" classname="api.tests.NegativeTests" time="0.803">
    <system-out><![CDATA[Request method:	PUT
Request URI:	https://restful-booker.herokuapp.com/booking/1
Proxy:			<none>
Request params:	<none>
Query params:	<none>
Form params:	<none>
Path params:	id=1
Headers:		Accept=application/json
				Content-Type=application/json
Cookies:		<none>
Multiparts:		<none>
Body:
{
    "firstname": "Test",
    "lastname": "User",
    "totalprice": 100,
    "depositpaid": true,
    "bookingdates": {
        "checkin": "2018-01-01",
        "checkout": "2019-01-01"
    },
    "additionalneeds": "None"
}
]]></system-out>
  </testcase>
  <testcase name="NT07_UpdateBooking_InvalidToken" classname="api.tests.NegativeTests" time="0.797">
    <system-out><![CDATA[Request method:	PUT
Request URI:	https://restful-booker.herokuapp.com/booking/1
Proxy:			<none>
Request params:	<none>
Query params:	<none>
Form params:	<none>
Path params:	id=1
Headers:		Accept=application/json
				Content-Type=application/json
Cookies:		token=THIS_IS_NOT_A_VALID_TOKEN
Multiparts:		<none>
Body:
{
    "firstname": "Test",
    "lastname": "User",
    "totalprice": 100,
    "depositpaid": true,
    "bookingdates": {
        "checkin": "2018-01-01",
        "checkout": "2019-01-01"
    },
    "additionalneeds": "None"
}
]]></system-out>
  </testcase>
  <testcase name="NT08_DeleteBooking_NoToken" classname="api.tests.NegativeTests" time="0.729">
    <system-out><![CDATA[Request method:	DELETE
Request URI:	https://restful-booker.herokuapp.com/booking/1
Proxy:			<none>
Request params:	<none>
Query params:	<none>
Form params:	<none>
Path params:	id=1
Headers:		Accept=application/json
				Content-Type=application/json
Cookies:		<none>
Multiparts:		<none>
Body:			<none>
]]></system-out>
  </testcase>
  <testcase name="NT09_GetBookings_NoMatchFilter" classname="api.tests.NegativeTests" time="0.749">
    <system-out><![CDATA[Request method:	GET
Request URI:	https://restful-booker.herokuapp.com/booking?firstname=ZZH999
Proxy:			<none>
Request params:	<none>
Query params:	firstname=ZZH999
Form params:	<none>
Path params:	<none>
Headers:		Accept=application/json
				Content-Type=application/json
Cookies:		<none>
Multiparts:		<none>
Body:			<none>
]]></system-out>
  </testcase>
</testsuite>