<?xml version="1.0" encoding="UTF-8"?>
<!-- Generated by org.testng.reporters.JUnitReportReporter -->
<testsuite hostname="amgadatef" failures="0" tests="8" name="api.tests.PositiveTests" time="9.434" errors="0" timestamp="2026-06-19T18:55:57 EEST" skipped="0">
  <testcase classname="api.tests.PositiveTests" name="TC01_HealthCheck" time="1.161"/>
  <testcase classname="api.tests.PositiveTests" name="TC02_CreateBooking" time="2.717"/>
  <testcase classname="api.tests.PositiveTests" name="TC03_GetAllBookingIds" time="0.966"/>
  <testcase classname="api.tests.PositiveTests" name="TC04_GetBookingById" time="1.022"/>
  <testcase classname="api.tests.PositiveTests" name="TC05_UpdateBooking" time="0.972"/>
  <testcase classname="api.tests.PositiveTests" name="TC06_PartialUpdateBooking" time="1.074"/>
  <testcase classname="api.tests.PositiveTests" name="TC07_DeleteBooking" time="0.788"/>
  <testcase classname="api.tests.PositiveTests" name="TC08_VerifyBookingDeleted" time="0.734"/>
</testsuite> <!-- api.tests.PositiveTests -->
