<?xml version="1.0" encoding="UTF-8"?>
<!-- Generated by org.testng.reporters.JUnitReportReporter -->
<testsuite hostname="amgadatef" failures="1" tests="9" name="api.tests.NegativeTests" time="6.407" errors="0" timestamp="2026-06-18T19:36:52 EEST" skipped="0">
  <testcase classname="api.tests.NegativeTests" name="NT01_CreateToken_WrongCredentials" time="0.725"/>
  <testcase classname="api.tests.NegativeTests" name="NT02_CreateToken_EmptyCredentials" time="0.729"/>
  <testcase classname="api.tests.NegativeTests" name="NT03_CreateBooking_MissingFields" time="0.717"/>
  <testcase classname="api.tests.NegativeTests" name="NT04_CreateBooking_InvalidDateFormat" time="0.687">
    <failure message="Invalid date format should not result in a successful booking did not expect [200] but found [200]" type="java.lang.AssertionError">
      <![CDATA[java.lang.AssertionError: Invalid date format should not result in a successful booking did not expect [200] but found [200]
at org.testng.Assert.fail(Assert.java:111)
at org.testng.Assert.failEquals(Assert.java:1582)
at org.testng.Assert.assertNotEqualsImpl(Assert.java:157)
at org.testng.Assert.assertNotEquals(Assert.java:2201)
at api.tests.NegativeTests.NT04_CreateBooking_InvalidDateFormat(NegativeTests.java:86)
at java.base/jdk.internal.reflect.DirectMethodHandleAccessor.invoke(DirectMethodHandleAccessor.java:103)
at java.base/java.lang.reflect.Method.invoke(Method.java:580)
at org.testng.internal.invokers.MethodInvocationHelper.invokeMethod(MethodInvocationHelper.java:139)
at org.testng.internal.invokers.TestInvoker.invokeMethod(TestInvoker.java:664)
at org.testng.internal.invokers.TestInvoker.invokeTestMethod(TestInvoker.java:228)
at org.testng.internal.invokers.MethodRunner.runInSequence(MethodRunner.java:63)
at org.testng.internal.invokers.TestInvoker$MethodInvocationAgent.invoke(TestInvoker.java:961)
at org.testng.internal.invokers.TestInvoker.invokeTestMethods(TestInvoker.java:201)
at org.testng.internal.invokers.TestMethodWorker.invokeTestMethods(TestMethodWorker.java:148)
at org.testng.internal.invokers.TestMethodWorker.run(TestMethodWorker.java:128)
at java.base/java.util.ArrayList.forEach(ArrayList.java:1597)
at org.testng.TestRunner.privateRun(TestRunner.java:819)
at org.testng.TestRunner.run(TestRunner.java:619)
at org.testng.SuiteRunner.runTest(SuiteRunner.java:443)
at org.testng.SuiteRunner.runSequentially(SuiteRunner.java:437)
at org.testng.SuiteRunner.privateRun(SuiteRunner.java:397)
at org.testng.SuiteRunner.run(SuiteRunner.java:336)
at org.testng.SuiteRunnerWorker.runSuite(SuiteRunnerWorker.java:52)
at org.testng.SuiteRunnerWorker.run(SuiteRunnerWorker.java:95)
at org.testng.TestNG.runSuitesSequentially(TestNG.java:1301)
at org.testng.TestNG.runSuitesLocally(TestNG.java:1228)
at org.testng.TestNG.runSuites(TestNG.java:1134)
at org.testng.TestNG.run(TestNG.java:1101)
at org.apache.maven.surefire.testng.TestNGExecutor.run(TestNGExecutor.java:308)
at org.apache.maven.surefire.testng.TestNGXmlTestSuite.execute(TestNGXmlTestSuite.java:71)
at org.apache.maven.surefire.testng.TestNGProvider.invoke(TestNGProvider.java:113)
at org.apache.maven.surefire.booter.ForkedBooter.runSuitesInProcess(ForkedBooter.java:385)
at org.apache.maven.surefire.booter.ForkedBooter.execute(ForkedBooter.java:162)
at org.apache.maven.surefire.booter.ForkedBooter.run(ForkedBooter.java:507)
at org.apache.maven.surefire.booter.ForkedBooter.main(ForkedBooter.java:495)
]]>
    </failure>
  </testcase> <!-- NT04_CreateBooking_InvalidDateFormat -->
  <testcase classname="api.tests.NegativeTests" name="NT05_GetBooking_NotFound" time="0.712"/>
  <testcase classname="api.tests.NegativeTests" name="NT06_UpdateBooking_NoToken" time="0.701"/>
  <testcase classname="api.tests.NegativeTests" name="NT07_UpdateBooking_InvalidToken" time="0.704"/>
  <testcase classname="api.tests.NegativeTests" name="NT08_DeleteBooking_NoToken" time="0.711"/>
  <testcase classname="api.tests.NegativeTests" name="NT09_GetBookings_NoMatchFilter" time="0.721"/>
</testsuite> <!-- api.tests.NegativeTests -->
